<?xml version="1.0" encoding="UTF-8"?>
<coverage generated="1749009723281" clover="3.2.0">
  <project timestamp="1749009723282" name="All files">
    <metrics statements="166" coveredstatements="161" conditionals="65" coveredconditionals="53" methods="65" coveredmethods="63" elements="296" coveredelements="277" complexity="0" loc="166" ncloc="166" packages="5" files="10" classes="10"/>
    <package name="features.auth.screens.LoginScreen">
      <metrics statements="26" coveredstatements="25" conditionals="14" coveredconditionals="14" methods="6" coveredmethods="5"/>
      <file name="LoginScreenContainer.tsx" path="/Users/danielcontreras/Documents/Danigithub/conexa-challenge-daniel/src/features/auth/screens/LoginScreen/LoginScreenContainer.tsx">
        <metrics statements="23" coveredstatements="23" conditionals="8" coveredconditionals="8" methods="4" coveredmethods="4"/>
        <line num="8" count="1" type="stmt"/>
        <line num="9" count="102" type="stmt"/>
        <line num="10" count="102" type="stmt"/>
        <line num="11" count="102" type="stmt"/>
        <line num="12" count="102" type="stmt"/>
        <line num="13" count="102" type="stmt"/>
        <line num="14" count="102" type="stmt"/>
        <line num="15" count="102" type="stmt"/>
        <line num="17" count="102" type="stmt"/>
        <line num="18" count="17" type="stmt"/>
        <line num="20" count="17" type="cond" truecount="4" falsecount="0"/>
        <line num="21" count="8" type="stmt"/>
        <line num="22" count="8" type="stmt"/>
        <line num="25" count="9" type="stmt"/>
        <line num="27" count="9" type="stmt"/>
        <line num="28" count="3" type="cond" truecount="4" falsecount="0"/>
        <line num="29" count="2" type="stmt"/>
        <line num="31" count="1" type="stmt"/>
        <line num="33" count="3" type="stmt"/>
        <line num="37" count="102" type="stmt"/>
        <line num="38" count="4" type="stmt"/>
        <line num="42" count="102" type="stmt"/>
        <line num="50" count="102" type="stmt"/>
      </file>
      <file name="LoginScreenPresentational.tsx" path="/Users/danielcontreras/Documents/Danigithub/conexa-challenge-daniel/src/features/auth/screens/LoginScreen/LoginScreenPresentational.tsx">
        <metrics statements="3" coveredstatements="2" conditionals="6" coveredconditionals="6" methods="2" coveredmethods="1"/>
        <line num="6" count="1" type="stmt"/>
        <line num="19" count="102" type="stmt"/>
        <line num="115" count="0" type="cond" truecount="2" falsecount="0"/>
      </file>
    </package>
    <package name="features.home.screens.HomeScreen">
      <metrics statements="37" coveredstatements="34" conditionals="24" coveredconditionals="12" methods="10" coveredmethods="10"/>
      <file name="HomeScreenContainer.tsx" path="/Users/danielcontreras/Documents/Danigithub/conexa-challenge-daniel/src/features/home/screens/HomeScreen/HomeScreenContainer.tsx">
        <metrics statements="23" coveredstatements="21" conditionals="16" coveredconditionals="7" methods="5" coveredmethods="5"/>
        <line num="12" count="1" type="stmt"/>
        <line num="13" count="35" type="stmt"/>
        <line num="14" count="35" type="stmt"/>
        <line num="15" count="35" type="stmt"/>
        <line num="16" count="35" type="stmt"/>
        <line num="18" count="35" type="stmt"/>
        <line num="20" count="6" type="stmt"/>
        <line num="21" count="6" type="stmt"/>
        <line num="27" count="35" type="stmt"/>
        <line num="29" count="1" type="stmt"/>
        <line num="33" count="35" type="cond" truecount="1" falsecount="3"/>
        <line num="34" count="35" type="cond" truecount="1" falsecount="1"/>
        <line num="36" count="35" type="stmt"/>
        <line num="37" count="35" type="cond" truecount="1" falsecount="1"/>
        <line num="38" count="0" type="cond" truecount="0" falsecount="2"/>
        <line num="39" count="0" type="stmt"/>
        <line num="42" count="35" type="stmt"/>
        <line num="49" count="35" type="stmt"/>
        <line num="59" count="35" type="stmt"/>
        <line num="60" count="35" type="cond" truecount="1" falsecount="1"/>
        <line num="62" count="35" type="cond" truecount="2" falsecount="0"/>
        <line num="66" count="35" type="stmt"/>
        <line num="78" count="35" type="stmt"/>
      </file>
      <file name="HomeScreenPresentational.tsx" path="/Users/danielcontreras/Documents/Danigithub/conexa-challenge-daniel/src/features/home/screens/HomeScreen/HomeScreenPresentational.tsx">
        <metrics statements="14" coveredstatements="13" conditionals="8" coveredconditionals="5" methods="5" coveredmethods="5"/>
        <line num="10" count="1" type="stmt"/>
        <line num="21" count="35" type="stmt"/>
        <line num="22" count="35" type="stmt"/>
        <line num="29" count="35" type="stmt"/>
        <line num="30" count="10" type="cond" truecount="2" falsecount="0"/>
        <line num="31" count="3" type="stmt"/>
        <line num="41" count="7" type="cond" truecount="2" falsecount="0"/>
        <line num="42" count="2" type="stmt"/>
        <line num="54" count="5" type="cond" truecount="1" falsecount="1"/>
        <line num="55" count="5" type="stmt"/>
        <line num="67" count="0" type="stmt"/>
        <line num="70" count="35" type="stmt"/>
        <line num="104" count="61" type="stmt"/>
        <line num="111" count="11" type="stmt"/>
      </file>
    </package>
    <package name="store.api">
      <metrics statements="10" coveredstatements="9" conditionals="0" coveredconditionals="0" methods="6" coveredmethods="5"/>
      <file name="baseApi.ts" path="/Users/danielcontreras/Documents/Danigithub/conexa-challenge-daniel/src/store/api/baseApi.ts">
        <metrics statements="4" coveredstatements="4" conditionals="0" coveredconditionals="0" methods="2" coveredmethods="2"/>
        <line num="3" count="1" type="stmt"/>
        <line num="8" count="5" type="stmt"/>
        <line num="9" count="5" type="stmt"/>
        <line num="13" count="1" type="stmt"/>
      </file>
      <file name="postsApi.ts" path="/Users/danielcontreras/Documents/Danigithub/conexa-challenge-daniel/src/store/api/postsApi.ts">
        <metrics statements="6" coveredstatements="5" conditionals="0" coveredconditionals="0" methods="4" coveredmethods="3"/>
        <line num="17" count="1" type="stmt"/>
        <line num="18" count="1" type="stmt"/>
        <line num="20" count="4" type="stmt"/>
        <line num="24" count="1" type="stmt"/>
        <line num="25" count="0" type="stmt"/>
        <line num="31" count="1" type="stmt"/>
      </file>
    </package>
    <package name="store.selectors">
      <metrics statements="19" coveredstatements="19" conditionals="8" coveredconditionals="8" methods="13" coveredmethods="13"/>
      <file name="postsSelectors.ts" path="/Users/danielcontreras/Documents/Danigithub/conexa-challenge-daniel/src/store/selectors/postsSelectors.ts">
        <metrics statements="19" coveredstatements="19" conditionals="8" coveredconditionals="8" methods="13" coveredmethods="13"/>
        <line num="6" count="1" type="stmt"/>
        <line num="7" count="21" type="stmt"/>
        <line num="8" count="8" type="stmt"/>
        <line num="9" count="30" type="stmt"/>
        <line num="10" count="13" type="stmt"/>
        <line num="11" count="2" type="stmt"/>
        <line num="14" count="1" type="stmt"/>
        <line num="18" count="10" type="cond" truecount="6" falsecount="0"/>
        <line num="19" count="3" type="stmt"/>
        <line num="22" count="21" type="stmt"/>
        <line num="26" count="1" type="stmt"/>
        <line num="27" count="9" type="stmt"/>
        <line num="29" count="8" type="stmt"/>
        <line num="33" count="1" type="stmt"/>
        <line num="35" count="7" type="stmt"/>
        <line num="38" count="1" type="stmt"/>
        <line num="40" count="5" type="stmt"/>
        <line num="43" count="1" type="stmt"/>
        <line num="46" count="6" type="cond" truecount="2" falsecount="0"/>
      </file>
    </package>
    <package name="store.slices">
      <metrics statements="74" coveredstatements="74" conditionals="19" coveredconditionals="19" methods="30" coveredmethods="30"/>
      <file name="authSlice.ts" path="/Users/danielcontreras/Documents/Danigithub/conexa-challenge-daniel/src/store/slices/authSlice.ts">
        <metrics statements="22" coveredstatements="22" conditionals="7" coveredconditionals="7" methods="9" coveredmethods="9"/>
        <line num="11" count="2" type="stmt"/>
        <line num="13" count="2" type="stmt"/>
        <line num="19" count="2" type="stmt"/>
        <line num="24" count="9" type="stmt"/>
        <line num="27" count="10" type="stmt"/>
        <line num="30" count="9" type="stmt"/>
        <line num="36" count="5" type="stmt"/>
        <line num="37" count="5" type="stmt"/>
        <line num="38" count="5" type="stmt"/>
        <line num="39" count="4" type="cond" truecount="5" falsecount="0"/>
        <line num="41" count="2" type="stmt"/>
        <line num="44" count="2" type="stmt"/>
        <line num="45" count="2" type="cond" truecount="2" falsecount="0"/>
        <line num="46" count="1" type="stmt"/>
        <line num="55" count="3" type="stmt"/>
        <line num="56" count="3" type="stmt"/>
        <line num="57" count="3" type="stmt"/>
        <line num="64" count="3" type="stmt"/>
        <line num="65" count="3" type="stmt"/>
        <line num="66" count="3" type="stmt"/>
        <line num="67" count="3" type="stmt"/>
        <line num="73" count="2" type="stmt"/>
      </file>
      <file name="postsSlice.ts" path="/Users/danielcontreras/Documents/Danigithub/conexa-challenge-daniel/src/store/slices/postsSlice.ts">
        <metrics statements="43" coveredstatements="43" conditionals="12" coveredconditionals="12" methods="15" coveredmethods="15"/>
        <line num="13" count="1" type="stmt"/>
        <line num="21" count="1" type="stmt"/>
        <line num="23" count="1" type="stmt"/>
        <line num="28" count="13" type="stmt"/>
        <line num="29" count="13" type="stmt"/>
        <line num="33" count="13" type="stmt"/>
        <line num="34" count="13" type="stmt"/>
        <line num="38" count="11" type="stmt"/>
        <line num="42" count="11" type="stmt"/>
        <line num="43" count="11" type="stmt"/>
        <line num="45" count="11" type="cond" truecount="2" falsecount="0"/>
        <line num="46" count="6" type="stmt"/>
        <line num="48" count="8" type="stmt"/>
        <line num="53" count="14" type="stmt"/>
        <line num="57" count="1" type="stmt"/>
        <line num="58" count="1" type="stmt"/>
        <line num="63" count="1" type="stmt"/>
        <line num="64" count="26" type="cond" truecount="2" falsecount="0"/>
        <line num="65" count="14" type="stmt"/>
        <line num="68" count="12" type="stmt"/>
        <line num="69" count="12" type="stmt"/>
        <line num="70" count="31" type="cond" truecount="2" falsecount="0"/>
        <line num="75" count="6" type="stmt"/>
        <line num="76" count="6" type="stmt"/>
        <line num="77" count="6" type="stmt"/>
        <line num="80" count="6" type="cond" truecount="2" falsecount="0"/>
        <line num="81" count="1" type="stmt"/>
        <line num="85" count="5" type="cond" truecount="2" falsecount="0"/>
        <line num="86" count="1" type="stmt"/>
        <line num="89" count="4" type="stmt"/>
        <line num="90" count="4" type="stmt"/>
        <line num="91" count="3" type="cond" truecount="2" falsecount="0"/>
        <line num="92" count="3" type="stmt"/>
        <line num="94" count="1" type="stmt"/>
        <line num="96" count="6" type="stmt"/>
        <line num="100" count="5" type="stmt"/>
        <line num="101" count="5" type="stmt"/>
        <line num="102" count="5" type="stmt"/>
        <line num="108" count="3" type="stmt"/>
        <line num="109" count="3" type="stmt"/>
        <line num="110" count="3" type="stmt"/>
        <line num="111" count="3" type="stmt"/>
        <line num="121" count="1" type="stmt"/>
      </file>
      <file name="usersSlice.ts" path="/Users/danielcontreras/Documents/Danigithub/conexa-challenge-daniel/src/store/slices/usersSlice.ts">
        <metrics statements="9" coveredstatements="9" conditionals="0" coveredconditionals="0" methods="6" coveredmethods="6"/>
        <line num="16" count="1" type="stmt"/>
        <line num="28" count="1" type="stmt"/>
        <line num="33" count="12" type="stmt"/>
        <line num="36" count="15" type="stmt"/>
        <line num="39" count="16" type="stmt"/>
        <line num="42" count="10" type="stmt"/>
        <line num="45" count="10" type="stmt"/>
        <line num="48" count="4" type="stmt"/>
        <line num="60" count="1" type="stmt"/>
      </file>
    </package>
  </project>
</coverage>
