{"/Users/danielcontreras/Documents/Danigithub/conexa-challenge-daniel/src/components/Button/ButtonContainer.tsx": {"path":"/Users/danielcontreras/Documents/Danigithub/conexa-challenge-daniel/src/components/Button/ButtonContainer.tsx","statementMap":{"0":{"start":{"line":5,"column":24},"end":{"line":94,"column":1}},"1":{"start":{"line":15,"column":27},"end":{"line":51,"column":3}},"2":{"start":{"line":16,"column":4},"end":{"line":50,"column":5}},"3":{"start":{"line":18,"column":8},"end":{"line":23,"column":10}},"4":{"start":{"line":25,"column":8},"end":{"line":30,"column":10}},"5":{"start":{"line":32,"column":8},"end":{"line":37,"column":10}},"6":{"start":{"line":39,"column":8},"end":{"line":44,"column":10}},"7":{"start":{"line":46,"column":8},"end":{"line":49,"column":10}},"8":{"start":{"line":53,"column":24},"end":{"line":64,"column":3}},"9":{"start":{"line":54,"column":4},"end":{"line":63,"column":5}},"10":{"start":{"line":56,"column":8},"end":{"line":56,"column":46}},"11":{"start":{"line":58,"column":8},"end":{"line":58,"column":46}},"12":{"start":{"line":60,"column":8},"end":{"line":60,"column":46}},"13":{"start":{"line":62,"column":8},"end":{"line":62,"column":46}},"14":{"start":{"line":66,"column":24},"end":{"line":66,"column":42}},"15":{"start":{"line":67,"column":21},"end":{"line":67,"column":36}},"16":{"start":{"line":69,"column":22},"end":{"line":73,"column":3}},"17":{"start":{"line":70,"column":4},"end":{"line":72,"column":5}},"18":{"start":{"line":71,"column":6},"end":{"line":71,"column":16}},"19":{"start":{"line":75,"column":2},"end":{"line":93,"column":4}},"20":{"start":{"line":87,"column":28},"end":{"line":87,"column":52}}},"fnMap":{"0":{"name":"(anonymous_0)","decl":{"start":{"line":5,"column":24},"end":{"line":5,"column":25}},"loc":{"start":{"line":14,"column":28},"end":{"line":94,"column":1}},"line":14},"1":{"name":"(anonymous_1)","decl":{"start":{"line":15,"column":27},"end":{"line":15,"column":28}},"loc":{"start":{"line":15,"column":33},"end":{"line":51,"column":3}},"line":15},"2":{"name":"(anonymous_2)","decl":{"start":{"line":53,"column":24},"end":{"line":53,"column":25}},"loc":{"start":{"line":53,"column":30},"end":{"line":64,"column":3}},"line":53},"3":{"name":"(anonymous_3)","decl":{"start":{"line":69,"column":22},"end":{"line":69,"column":23}},"loc":{"start":{"line":69,"column":28},"end":{"line":73,"column":3}},"line":69},"4":{"name":"(anonymous_4)","decl":{"start":{"line":87,"column":22},"end":{"line":87,"column":23}},"loc":{"start":{"line":87,"column":28},"end":{"line":87,"column":52}},"line":87}},"branchMap":{"0":{"loc":{"start":{"line":8,"column":2},"end":{"line":8,"column":18}},"type":"default-arg","locations":[{"start":{"line":8,"column":13},"end":{"line":8,"column":18}}],"line":8},"1":{"loc":{"start":{"line":9,"column":2},"end":{"line":9,"column":21}},"type":"default-arg","locations":[{"start":{"line":9,"column":12},"end":{"line":9,"column":21}}],"line":9},"2":{"loc":{"start":{"line":10,"column":2},"end":{"line":10,"column":17}},"type":"default-arg","locations":[{"start":{"line":10,"column":9},"end":{"line":10,"column":17}}],"line":10},"3":{"loc":{"start":{"line":11,"column":2},"end":{"line":11,"column":19}},"type":"default-arg","locations":[{"start":{"line":11,"column":14},"end":{"line":11,"column":19}}],"line":11},"4":{"loc":{"start":{"line":12,"column":2},"end":{"line":12,"column":17}},"type":"default-arg","locations":[{"start":{"line":12,"column":12},"end":{"line":12,"column":17}}],"line":12},"5":{"loc":{"start":{"line":16,"column":4},"end":{"line":50,"column":5}},"type":"switch","locations":[{"start":{"line":17,"column":6},"end":{"line":23,"column":10}},{"start":{"line":24,"column":6},"end":{"line":30,"column":10}},{"start":{"line":31,"column":6},"end":{"line":37,"column":10}},{"start":{"line":38,"column":6},"end":{"line":44,"column":10}},{"start":{"line":45,"column":6},"end":{"line":49,"column":10}}],"line":16},"6":{"loc":{"start":{"line":54,"column":4},"end":{"line":63,"column":5}},"type":"switch","locations":[{"start":{"line":55,"column":6},"end":{"line":56,"column":46}},{"start":{"line":57,"column":6},"end":{"line":58,"column":46}},{"start":{"line":59,"column":6},"end":{"line":60,"column":46}},{"start":{"line":61,"column":6},"end":{"line":62,"column":46}}],"line":54},"7":{"loc":{"start":{"line":70,"column":4},"end":{"line":72,"column":5}},"type":"if","locations":[{"start":{"line":70,"column":4},"end":{"line":72,"column":5}},{"start":{},"end":{}}],"line":70},"8":{"loc":{"start":{"line":70,"column":8},"end":{"line":70,"column":40}},"type":"binary-expr","locations":[{"start":{"line":70,"column":8},"end":{"line":70,"column":16}},{"start":{"line":70,"column":20},"end":{"line":70,"column":29}},{"start":{"line":70,"column":33},"end":{"line":70,"column":40}}],"line":70},"9":{"loc":{"start":{"line":78,"column":16},"end":{"line":78,"column":35}},"type":"binary-expr","locations":[{"start":{"line":78,"column":16},"end":{"line":78,"column":24}},{"start":{"line":78,"column":28},"end":{"line":78,"column":35}}],"line":78},"10":{"loc":{"start":{"line":79,"column":13},"end":{"line":79,"column":43}},"type":"cond-expr","locations":[{"start":{"line":79,"column":25},"end":{"line":79,"column":31}},{"start":{"line":79,"column":34},"end":{"line":79,"column":43}}],"line":79},"11":{"loc":{"start":{"line":87,"column":12},"end":{"line":87,"column":59}},"type":"cond-expr","locations":[{"start":{"line":87,"column":22},"end":{"line":87,"column":52}},{"start":{"line":87,"column":55},"end":{"line":87,"column":59}}],"line":87}},"s":{"0":1,"1":15,"2":15,"3":12,"4":1,"5":1,"6":1,"7":0,"8":15,"9":15,"10":1,"11":13,"12":1,"13":0,"14":15,"15":15,"16":15,"17":3,"18":1,"19":15,"20":2},"f":{"0":15,"1":15,"2":15,"3":3,"4":2},"b":{"0":[14],"1":[12],"2":[13],"3":[13],"4":[13],"5":[12,1,1,1,0],"6":[1,13,1,0],"7":[1,2],"8":[3,2,1],"9":[15,14],"10":[1,14],"11":[2,13]},"_coverageSchema":"1a1c01bbd47fc00a2c39e90264f33305004495a9","hash":"0fe3d6999890c58c3741df1f56814af027a34fab"}
,"/Users/danielcontreras/Documents/Danigithub/conexa-challenge-daniel/src/components/Button/ButtonPresentational.tsx": {"path":"/Users/danielcontreras/Documents/Danigithub/conexa-challenge-daniel/src/components/Button/ButtonPresentational.tsx","statementMap":{"0":{"start":{"line":4,"column":29},"end":{"line":19,"column":1}},"1":{"start":{"line":10,"column":2},"end":{"line":18,"column":4}}},"fnMap":{"0":{"name":"(anonymous_0)","decl":{"start":{"line":4,"column":29},"end":{"line":4,"column":30}},"loc":{"start":{"line":9,"column":33},"end":{"line":19,"column":1}},"line":9}},"branchMap":{},"s":{"0":1,"1":19},"f":{"0":19},"b":{},"_coverageSchema":"1a1c01bbd47fc00a2c39e90264f33305004495a9","hash":"1a8244b27bf67bb7f43402a432cfb88550416bef"}
,"/Users/danielcontreras/Documents/Danigithub/conexa-challenge-daniel/src/components/Button/types.ts": {"path":"/Users/danielcontreras/Documents/Danigithub/conexa-challenge-daniel/src/components/Button/types.ts","statementMap":{},"fnMap":{},"branchMap":{},"s":{},"f":{},"b":{},"_coverageSchema":"1a1c01bbd47fc00a2c39e90264f33305004495a9","hash":"12d3d0db305c5d5ec1cd379f4cd007ca602c57b7"}
,"/Users/danielcontreras/Documents/Danigithub/conexa-challenge-daniel/src/components/FavoritesCounter/FavoritesCounterContainer.tsx": {"path":"/Users/danielcontreras/Documents/Danigithub/conexa-challenge-daniel/src/components/FavoritesCounter/FavoritesCounterContainer.tsx","statementMap":{"0":{"start":{"line":7,"column":34},"end":{"line":37,"column":1}},"1":{"start":{"line":11,"column":29},"end":{"line":11,"column":48}},"2":{"start":{"line":12,"column":16},"end":{"line":12,"column":25}},"3":{"start":{"line":15,"column":21},"end":{"line":15,"column":51}},"4":{"start":{"line":18,"column":26},"end":{"line":20,"column":3}},"5":{"start":{"line":19,"column":4},"end":{"line":19,"column":52}},"6":{"start":{"line":22,"column":22},"end":{"line":24,"column":3}},"7":{"start":{"line":23,"column":4},"end":{"line":23,"column":16}},"8":{"start":{"line":27,"column":2},"end":{"line":29,"column":3}},"9":{"start":{"line":28,"column":4},"end":{"line":28,"column":16}},"10":{"start":{"line":31,"column":2},"end":{"line":36,"column":4}}},"fnMap":{"0":{"name":"(anonymous_0)","decl":{"start":{"line":7,"column":34},"end":{"line":7,"column":35}},"loc":{"start":{"line":10,"column":38},"end":{"line":37,"column":1}},"line":10},"1":{"name":"(anonymous_1)","decl":{"start":{"line":18,"column":26},"end":{"line":18,"column":27}},"loc":{"start":{"line":18,"column":45},"end":{"line":20,"column":3}},"line":18},"2":{"name":"(anonymous_2)","decl":{"start":{"line":22,"column":22},"end":{"line":22,"column":23}},"loc":{"start":{"line":22,"column":28},"end":{"line":24,"column":3}},"line":22}},"branchMap":{"0":{"loc":{"start":{"line":9,"column":2},"end":{"line":9,"column":18}},"type":"default-arg","locations":[{"start":{"line":9,"column":13},"end":{"line":9,"column":18}}],"line":9},"1":{"loc":{"start":{"line":15,"column":21},"end":{"line":15,"column":51}},"type":"binary-expr","locations":[{"start":{"line":15,"column":21},"end":{"line":15,"column":39}},{"start":{"line":15,"column":43},"end":{"line":15,"column":51}}],"line":15},"2":{"loc":{"start":{"line":27,"column":2},"end":{"line":29,"column":3}},"type":"if","locations":[{"start":{"line":27,"column":2},"end":{"line":29,"column":3}},{"start":{},"end":{}}],"line":27}},"s":{"0":1,"1":8,"2":8,"3":8,"4":8,"5":6,"6":8,"7":2,"8":8,"9":2,"10":6},"f":{"0":8,"1":6,"2":2},"b":{"0":[6],"1":[8,3],"2":[2,6]},"_coverageSchema":"1a1c01bbd47fc00a2c39e90264f33305004495a9","hash":"075cb606cff40f81f9762a457d230e91a8609a65"}
,"/Users/danielcontreras/Documents/Danigithub/conexa-challenge-daniel/src/components/FavoritesCounter/FavoritesCounterPresentational.tsx": {"path":"/Users/danielcontreras/Documents/Danigithub/conexa-challenge-daniel/src/components/FavoritesCounter/FavoritesCounterPresentational.tsx","statementMap":{"0":{"start":{"line":6,"column":39},"end":{"line":26,"column":1}},"1":{"start":{"line":10,"column":2},"end":{"line":25,"column":4}}},"fnMap":{"0":{"name":"(anonymous_0)","decl":{"start":{"line":6,"column":39},"end":{"line":6,"column":40}},"loc":{"start":{"line":9,"column":43},"end":{"line":26,"column":1}},"line":9}},"branchMap":{},"s":{"0":1,"1":14},"f":{"0":14},"b":{},"_coverageSchema":"1a1c01bbd47fc00a2c39e90264f33305004495a9","hash":"202230af3c3173f5ae84a7764b657ec605f6c1bc"}
,"/Users/danielcontreras/Documents/Danigithub/conexa-challenge-daniel/src/components/FavoritesCounter/types.ts": {"path":"/Users/danielcontreras/Documents/Danigithub/conexa-challenge-daniel/src/components/FavoritesCounter/types.ts","statementMap":{},"fnMap":{},"branchMap":{},"s":{},"f":{},"b":{},"_coverageSchema":"1a1c01bbd47fc00a2c39e90264f33305004495a9","hash":"a24c65d1061f4e7213a1fce625cf63be57594317"}
,"/Users/danielcontreras/Documents/Danigithub/conexa-challenge-daniel/src/components/SearchBar/SearchBarContainer.tsx": {"path":"/Users/danielcontreras/Documents/Danigithub/conexa-challenge-daniel/src/components/SearchBar/SearchBarContainer.tsx","statementMap":{"0":{"start":{"line":7,"column":27},"end":{"line":40,"column":1}},"1":{"start":{"line":12,"column":59},"end":{"line":12,"column":69}},"2":{"start":{"line":13,"column":16},"end":{"line":13,"column":25}},"3":{"start":{"line":16,"column":29},"end":{"line":16,"column":71}},"4":{"start":{"line":19,"column":26},"end":{"line":19,"column":48}},"5":{"start":{"line":21,"column":27},"end":{"line":24,"column":30}},"6":{"start":{"line":22,"column":4},"end":{"line":22,"column":23}},"7":{"start":{"line":23,"column":4},"end":{"line":23,"column":21}},"8":{"start":{"line":26,"column":22},"end":{"line":29,"column":34}},"9":{"start":{"line":27,"column":4},"end":{"line":27,"column":24}},"10":{"start":{"line":28,"column":4},"end":{"line":28,"column":16}},"11":{"start":{"line":31,"column":2},"end":{"line":39,"column":4}}},"fnMap":{"0":{"name":"(anonymous_0)","decl":{"start":{"line":7,"column":27},"end":{"line":7,"column":28}},"loc":{"start":{"line":11,"column":31},"end":{"line":40,"column":1}},"line":11},"1":{"name":"(anonymous_1)","decl":{"start":{"line":21,"column":39},"end":{"line":21,"column":40}},"loc":{"start":{"line":21,"column":57},"end":{"line":24,"column":3}},"line":21},"2":{"name":"(anonymous_2)","decl":{"start":{"line":26,"column":34},"end":{"line":26,"column":35}},"loc":{"start":{"line":26,"column":40},"end":{"line":29,"column":3}},"line":26}},"branchMap":{"0":{"loc":{"start":{"line":16,"column":29},"end":{"line":16,"column":71}},"type":"binary-expr","locations":[{"start":{"line":16,"column":29},"end":{"line":16,"column":40}},{"start":{"line":16,"column":44},"end":{"line":16,"column":71}}],"line":16}},"s":{"0":1,"1":9,"2":9,"3":9,"4":9,"5":9,"6":2,"7":2,"8":9,"9":2,"10":2,"11":9},"f":{"0":9,"1":2,"2":2},"b":{"0":[9,8]},"_coverageSchema":"1a1c01bbd47fc00a2c39e90264f33305004495a9","hash":"733d33d0ced0067d59c70730d23a69e3f5215069"}
,"/Users/danielcontreras/Documents/Danigithub/conexa-challenge-daniel/src/components/SearchBar/SearchBarPresentational.tsx": {"path":"/Users/danielcontreras/Documents/Danigithub/conexa-challenge-daniel/src/components/SearchBar/SearchBarPresentational.tsx","statementMap":{"0":{"start":{"line":6,"column":32},"end":{"line":52,"column":1}},"1":{"start":{"line":13,"column":2},"end":{"line":51,"column":4}}},"fnMap":{"0":{"name":"(anonymous_0)","decl":{"start":{"line":6,"column":32},"end":{"line":6,"column":33}},"loc":{"start":{"line":12,"column":36},"end":{"line":52,"column":1}},"line":12}},"branchMap":{"0":{"loc":{"start":{"line":38,"column":7},"end":{"line":49,"column":7}},"type":"binary-expr","locations":[{"start":{"line":38,"column":7},"end":{"line":38,"column":22}},{"start":{"line":39,"column":8},"end":{"line":48,"column":10}}],"line":38}},"s":{"0":1,"1":21},"f":{"0":21},"b":{"0":[21,8]},"_coverageSchema":"1a1c01bbd47fc00a2c39e90264f33305004495a9","hash":"66c39fc976297475acf939c49beba5f40602c86c"}
,"/Users/danielcontreras/Documents/Danigithub/conexa-challenge-daniel/src/components/SearchBar/types.ts": {"path":"/Users/danielcontreras/Documents/Danigithub/conexa-challenge-daniel/src/components/SearchBar/types.ts","statementMap":{},"fnMap":{},"branchMap":{},"s":{},"f":{},"b":{},"_coverageSchema":"1a1c01bbd47fc00a2c39e90264f33305004495a9","hash":"bcfb5116f5efb40f499fa9d96b97719a6e808b73"}
,"/Users/danielcontreras/Documents/Danigithub/conexa-challenge-daniel/src/features/auth/screens/LoginScreen/LoginScreenContainer.tsx": {"path":"/Users/danielcontreras/Documents/Danigithub/conexa-challenge-daniel/src/features/auth/screens/LoginScreen/LoginScreenContainer.tsx","statementMap":{"0":{"start":{"line":8,"column":29},"end":{"line":65,"column":1}},"1":{"start":{"line":9,"column":19},"end":{"line":9,"column":45}},"2":{"start":{"line":10,"column":16},"end":{"line":10,"column":25}},"3":{"start":{"line":11,"column":34},"end":{"line":11,"column":46}},"4":{"start":{"line":12,"column":34},"end":{"line":12,"column":46}},"5":{"start":{"line":13,"column":32},"end":{"line":13,"column":47}},"6":{"start":{"line":14,"column":28},"end":{"line":14,"column":57}},"7":{"start":{"line":15,"column":42},"end":{"line":15,"column":57}},"8":{"start":{"line":17,"column":22},"end":{"line":35,"column":3}},"9":{"start":{"line":18,"column":4},"end":{"line":18,"column":19}},"10":{"start":{"line":20,"column":4},"end":{"line":23,"column":5}},"11":{"start":{"line":21,"column":6},"end":{"line":21,"column":41}},"12":{"start":{"line":22,"column":6},"end":{"line":22,"column":13}},"13":{"start":{"line":25,"column":4},"end":{"line":25,"column":21}},"14":{"start":{"line":27,"column":4},"end":{"line":34,"column":13}},"15":{"start":{"line":28,"column":6},"end":{"line":32,"column":7}},"16":{"start":{"line":29,"column":8},"end":{"line":29,"column":46}},"17":{"start":{"line":31,"column":8},"end":{"line":31,"column":53}},"18":{"start":{"line":33,"column":6},"end":{"line":33,"column":24}},"19":{"start":{"line":37,"column":35},"end":{"line":39,"column":3}},"20":{"start":{"line":38,"column":4},"end":{"line":38,"column":35}},"21":{"start":{"line":42,"column":16},"end":{"line":48,"column":3}},"22":{"start":{"line":50,"column":2},"end":{"line":64,"column":4}}},"fnMap":{"0":{"name":"(anonymous_0)","decl":{"start":{"line":8,"column":29},"end":{"line":8,"column":30}},"loc":{"start":{"line":8,"column":35},"end":{"line":65,"column":1}},"line":8},"1":{"name":"(anonymous_1)","decl":{"start":{"line":17,"column":22},"end":{"line":17,"column":23}},"loc":{"start":{"line":17,"column":28},"end":{"line":35,"column":3}},"line":17},"2":{"name":"(anonymous_2)","decl":{"start":{"line":27,"column":15},"end":{"line":27,"column":16}},"loc":{"start":{"line":27,"column":21},"end":{"line":34,"column":5}},"line":27},"3":{"name":"(anonymous_3)","decl":{"start":{"line":37,"column":35},"end":{"line":37,"column":36}},"loc":{"start":{"line":37,"column":41},"end":{"line":39,"column":3}},"line":37}},"branchMap":{"0":{"loc":{"start":{"line":20,"column":4},"end":{"line":23,"column":5}},"type":"if","locations":[{"start":{"line":20,"column":4},"end":{"line":23,"column":5}},{"start":{},"end":{}}],"line":20},"1":{"loc":{"start":{"line":20,"column":8},"end":{"line":20,"column":44}},"type":"binary-expr","locations":[{"start":{"line":20,"column":8},"end":{"line":20,"column":24}},{"start":{"line":20,"column":28},"end":{"line":20,"column":44}}],"line":20},"2":{"loc":{"start":{"line":28,"column":6},"end":{"line":32,"column":7}},"type":"if","locations":[{"start":{"line":28,"column":6},"end":{"line":32,"column":7}},{"start":{"line":30,"column":13},"end":{"line":32,"column":7}}],"line":28},"3":{"loc":{"start":{"line":28,"column":10},"end":{"line":28,"column":70}},"type":"binary-expr","locations":[{"start":{"line":28,"column":10},"end":{"line":28,"column":36}},{"start":{"line":28,"column":40},"end":{"line":28,"column":70}}],"line":28}},"s":{"0":1,"1":102,"2":102,"3":102,"4":102,"5":102,"6":102,"7":102,"8":102,"9":17,"10":17,"11":8,"12":8,"13":9,"14":9,"15":3,"16":2,"17":1,"18":3,"19":102,"20":4,"21":102,"22":102},"f":{"0":102,"1":17,"2":3,"3":4},"b":{"0":[8,9],"1":[17,11],"2":[2,1],"3":[3,2]},"_coverageSchema":"1a1c01bbd47fc00a2c39e90264f33305004495a9","hash":"6c7da727ff1bd8941f5dd9efeaf55ca875e8d617"}
,"/Users/danielcontreras/Documents/Danigithub/conexa-challenge-daniel/src/features/auth/screens/LoginScreen/LoginScreenPresentational.tsx": {"path":"/Users/danielcontreras/Documents/Danigithub/conexa-challenge-daniel/src/features/auth/screens/LoginScreen/LoginScreenPresentational.tsx","statementMap":{"0":{"start":{"line":6,"column":34},"end":{"line":121,"column":1}},"1":{"start":{"line":19,"column":2},"end":{"line":120,"column":4}},"2":{"start":{"line":115,"column":30},"end":{"line":115,"column":71}}},"fnMap":{"0":{"name":"(anonymous_0)","decl":{"start":{"line":6,"column":34},"end":{"line":6,"column":35}},"loc":{"start":{"line":18,"column":38},"end":{"line":121,"column":1}},"line":18},"1":{"name":"(anonymous_1)","decl":{"start":{"line":115,"column":24},"end":{"line":115,"column":25}},"loc":{"start":{"line":115,"column":30},"end":{"line":115,"column":71}},"line":115}},"branchMap":{"0":{"loc":{"start":{"line":72,"column":18},"end":{"line":72,"column":45}},"type":"cond-expr","locations":[{"start":{"line":72,"column":33},"end":{"line":72,"column":39}},{"start":{"line":72,"column":42},"end":{"line":72,"column":45}}],"line":72},"1":{"loc":{"start":{"line":87,"column":7},"end":{"line":91,"column":7}},"type":"binary-expr","locations":[{"start":{"line":87,"column":7},"end":{"line":87,"column":12}},{"start":{"line":88,"column":8},"end":{"line":90,"column":15}}],"line":87},"2":{"loc":{"start":{"line":115,"column":14},"end":{"line":115,"column":83}},"type":"cond-expr","locations":[{"start":{"line":115,"column":24},"end":{"line":115,"column":71}},{"start":{"line":115,"column":74},"end":{"line":115,"column":83}}],"line":115}},"s":{"0":1,"1":102,"2":0},"f":{"0":102,"1":0},"b":{"0":[2,100],"1":[102,12],"2":[11,91]},"_coverageSchema":"1a1c01bbd47fc00a2c39e90264f33305004495a9","hash":"74479b916e5f1a268e5ed0f8feae5c4fcb4d4095"}
,"/Users/danielcontreras/Documents/Danigithub/conexa-challenge-daniel/src/features/auth/screens/LoginScreen/types.ts": {"path":"/Users/danielcontreras/Documents/Danigithub/conexa-challenge-daniel/src/features/auth/screens/LoginScreen/types.ts","statementMap":{},"fnMap":{},"branchMap":{},"s":{},"f":{},"b":{},"_coverageSchema":"1a1c01bbd47fc00a2c39e90264f33305004495a9","hash":"86316ce2329c76d9cffc8f4006ab59344caf83fd"}
,"/Users/danielcontreras/Documents/Danigithub/conexa-challenge-daniel/src/features/favorites/screens/FavoritesScreen/FavoritesScreenContainer.tsx": {"path":"/Users/danielcontreras/Documents/Danigithub/conexa-challenge-daniel/src/features/favorites/screens/FavoritesScreen/FavoritesScreenContainer.tsx","statementMap":{"0":{"start":{"line":13,"column":33},"end":{"line":76,"column":1}},"1":{"start":{"line":14,"column":21},"end":{"line":14,"column":67}},"2":{"start":{"line":15,"column":17},"end":{"line":15,"column":36}},"3":{"start":{"line":16,"column":16},"end":{"line":16,"column":25}},"4":{"start":{"line":18,"column":50},"end":{"line":18,"column":74}},"5":{"start":{"line":19,"column":36},"end":{"line":19,"column":50}},"6":{"start":{"line":21,"column":24},"end":{"line":21,"column":56}},"7":{"start":{"line":22,"column":29},"end":{"line":22,"column":66}},"8":{"start":{"line":24,"column":2},"end":{"line":30,"column":42}},"9":{"start":{"line":25,"column":4},"end":{"line":28,"column":5}},"10":{"start":{"line":26,"column":30},"end":{"line":26,"column":69}},"11":{"start":{"line":27,"column":6},"end":{"line":27,"column":43}},"12":{"start":{"line":29,"column":4},"end":{"line":29,"column":24}},"13":{"start":{"line":32,"column":23},"end":{"line":34,"column":3}},"14":{"start":{"line":33,"column":4},"end":{"line":33,"column":24}},"15":{"start":{"line":36,"column":26},"end":{"line":38,"column":3}},"16":{"start":{"line":37,"column":4},"end":{"line":37,"column":48}},"17":{"start":{"line":40,"column":26},"end":{"line":40,"column":87}},"18":{"start":{"line":41,"column":31},"end":{"line":41,"column":78}},"19":{"start":{"line":43,"column":26},"end":{"line":47,"column":3}},"20":{"start":{"line":44,"column":4},"end":{"line":44,"column":41}},"21":{"start":{"line":44,"column":31},"end":{"line":44,"column":41}},"22":{"start":{"line":45,"column":4},"end":{"line":45,"column":61}},"23":{"start":{"line":45,"column":30},"end":{"line":45,"column":61}},"24":{"start":{"line":46,"column":4},"end":{"line":46,"column":14}},"25":{"start":{"line":49,"column":21},"end":{"line":49,"column":54}},"26":{"start":{"line":50,"column":24},"end":{"line":50,"column":65}},"27":{"start":{"line":51,"column":31},"end":{"line":51,"column":53}},"28":{"start":{"line":53,"column":16},"end":{"line":60,"column":3}},"29":{"start":{"line":59,"column":39},"end":{"line":59,"column":79}},"30":{"start":{"line":62,"column":2},"end":{"line":75,"column":4}}},"fnMap":{"0":{"name":"(anonymous_0)","decl":{"start":{"line":13,"column":33},"end":{"line":13,"column":34}},"loc":{"start":{"line":13,"column":39},"end":{"line":76,"column":1}},"line":13},"1":{"name":"(anonymous_1)","decl":{"start":{"line":24,"column":12},"end":{"line":24,"column":13}},"loc":{"start":{"line":24,"column":18},"end":{"line":30,"column":3}},"line":24},"2":{"name":"(anonymous_2)","decl":{"start":{"line":32,"column":23},"end":{"line":32,"column":24}},"loc":{"start":{"line":32,"column":29},"end":{"line":34,"column":3}},"line":32},"3":{"name":"(anonymous_3)","decl":{"start":{"line":36,"column":26},"end":{"line":36,"column":27}},"loc":{"start":{"line":36,"column":46},"end":{"line":38,"column":3}},"line":36},"4":{"name":"(anonymous_4)","decl":{"start":{"line":43,"column":26},"end":{"line":43,"column":27}},"loc":{"start":{"line":43,"column":32},"end":{"line":47,"column":3}},"line":43},"5":{"name":"(anonymous_5)","decl":{"start":{"line":59,"column":20},"end":{"line":59,"column":21}},"loc":{"start":{"line":59,"column":39},"end":{"line":59,"column":79}},"line":59}},"branchMap":{"0":{"loc":{"start":{"line":25,"column":4},"end":{"line":28,"column":5}},"type":"if","locations":[{"start":{"line":25,"column":4},"end":{"line":28,"column":5}},{"start":{},"end":{}}],"line":25},"1":{"loc":{"start":{"line":25,"column":8},"end":{"line":25,"column":44}},"type":"binary-expr","locations":[{"start":{"line":25,"column":8},"end":{"line":25,"column":27}},{"start":{"line":25,"column":31},"end":{"line":25,"column":44}}],"line":25},"2":{"loc":{"start":{"line":40,"column":26},"end":{"line":40,"column":87}},"type":"cond-expr","locations":[{"start":{"line":40,"column":54},"end":{"line":40,"column":83}},{"start":{"line":40,"column":86},"end":{"line":40,"column":87}}],"line":40},"3":{"loc":{"start":{"line":40,"column":54},"end":{"line":40,"column":83}},"type":"binary-expr","locations":[{"start":{"line":40,"column":54},"end":{"line":40,"column":77}},{"start":{"line":40,"column":81},"end":{"line":40,"column":83}}],"line":40},"4":{"loc":{"start":{"line":41,"column":31},"end":{"line":41,"column":78}},"type":"binary-expr","locations":[{"start":{"line":41,"column":31},"end":{"line":41,"column":56}},{"start":{"line":41,"column":60},"end":{"line":41,"column":78}}],"line":41},"5":{"loc":{"start":{"line":44,"column":4},"end":{"line":44,"column":41}},"type":"if","locations":[{"start":{"line":44,"column":4},"end":{"line":44,"column":41}},{"start":{},"end":{}}],"line":44},"6":{"loc":{"start":{"line":45,"column":4},"end":{"line":45,"column":61}},"type":"if","locations":[{"start":{"line":45,"column":4},"end":{"line":45,"column":61}},{"start":{},"end":{}}],"line":45},"7":{"loc":{"start":{"line":50,"column":24},"end":{"line":50,"column":65}},"type":"cond-expr","locations":[{"start":{"line":50,"column":47},"end":{"line":50,"column":60}},{"start":{"line":50,"column":63},"end":{"line":50,"column":65}}],"line":50}},"s":{"0":1,"1":0,"2":0,"3":0,"4":0,"5":0,"6":0,"7":0,"8":0,"9":0,"10":0,"11":0,"12":0,"13":0,"14":0,"15":0,"16":0,"17":0,"18":0,"19":0,"20":0,"21":0,"22":0,"23":0,"24":0,"25":0,"26":0,"27":0,"28":0,"29":0,"30":0},"f":{"0":0,"1":0,"2":0,"3":0,"4":0,"5":0},"b":{"0":[0,0],"1":[0,0],"2":[0,0],"3":[0,0],"4":[0,0],"5":[0,0],"6":[0,0],"7":[0,0]},"_coverageSchema":"1a1c01bbd47fc00a2c39e90264f33305004495a9","hash":"ce7ed4781c5d9d8de785fcaa68d458e2590b2654"}
,"/Users/danielcontreras/Documents/Danigithub/conexa-challenge-daniel/src/features/favorites/screens/FavoritesScreen/FavoritesScreenPresentational.tsx": {"path":"/Users/danielcontreras/Documents/Danigithub/conexa-challenge-daniel/src/features/favorites/screens/FavoritesScreen/FavoritesScreenPresentational.tsx","statementMap":{"0":{"start":{"line":9,"column":38},"end":{"line":121,"column":1}},"1":{"start":{"line":22,"column":25},"end":{"line":28,"column":3}},"2":{"start":{"line":23,"column":4},"end":{"line":27,"column":6}},"3":{"start":{"line":30,"column":31},"end":{"line":56,"column":3}},"4":{"start":{"line":31,"column":4},"end":{"line":43,"column":5}},"5":{"start":{"line":32,"column":6},"end":{"line":42,"column":8}},"6":{"start":{"line":45,"column":4},"end":{"line":55,"column":6}},"7":{"start":{"line":58,"column":2},"end":{"line":120,"column":4}},"8":{"start":{"line":106,"column":32},"end":{"line":106,"column":39}},"9":{"start":{"line":113,"column":38},"end":{"line":113,"column":60}}},"fnMap":{"0":{"name":"(anonymous_0)","decl":{"start":{"line":9,"column":38},"end":{"line":9,"column":39}},"loc":{"start":{"line":20,"column":42},"end":{"line":121,"column":1}},"line":20},"1":{"name":"(anonymous_1)","decl":{"start":{"line":22,"column":25},"end":{"line":22,"column":26}},"loc":{"start":{"line":23,"column":4},"end":{"line":27,"column":6}},"line":23},"2":{"name":"(anonymous_2)","decl":{"start":{"line":30,"column":31},"end":{"line":30,"column":32}},"loc":{"start":{"line":30,"column":37},"end":{"line":56,"column":3}},"line":30},"3":{"name":"(anonymous_3)","decl":{"start":{"line":106,"column":22},"end":{"line":106,"column":23}},"loc":{"start":{"line":106,"column":32},"end":{"line":106,"column":39}},"line":106},"4":{"name":"(anonymous_4)","decl":{"start":{"line":113,"column":32},"end":{"line":113,"column":33}},"loc":{"start":{"line":113,"column":38},"end":{"line":113,"column":60}},"line":113}},"branchMap":{"0":{"loc":{"start":{"line":31,"column":4},"end":{"line":43,"column":5}},"type":"if","locations":[{"start":{"line":31,"column":4},"end":{"line":43,"column":5}},{"start":{},"end":{}}],"line":31},"1":{"loc":{"start":{"line":97,"column":13},"end":{"line":97,"column":74}},"type":"cond-expr","locations":[{"start":{"line":97,"column":25},"end":{"line":97,"column":30}},{"start":{"line":97,"column":33},"end":{"line":97,"column":74}}],"line":97}},"s":{"0":2,"1":31,"2":0,"3":31,"4":0,"5":0,"6":0,"7":31,"8":0,"9":0},"f":{"0":31,"1":0,"2":0,"3":0,"4":0},"b":{"0":[0,0],"1":[3,28]},"_coverageSchema":"1a1c01bbd47fc00a2c39e90264f33305004495a9","hash":"4e74c20c5aceb4e62c5f6e2602f19b9cb3d26255"}
,"/Users/danielcontreras/Documents/Danigithub/conexa-challenge-daniel/src/features/favorites/screens/FavoritesScreen/types.ts": {"path":"/Users/danielcontreras/Documents/Danigithub/conexa-challenge-daniel/src/features/favorites/screens/FavoritesScreen/types.ts","statementMap":{},"fnMap":{},"branchMap":{},"s":{},"f":{},"b":{}}
,"/Users/danielcontreras/Documents/Danigithub/conexa-challenge-daniel/src/features/home/components/NewsCard/NewsCardContainer.tsx": {"path":"/Users/danielcontreras/Documents/Danigithub/conexa-challenge-daniel/src/features/home/components/NewsCard/NewsCardContainer.tsx","statementMap":{"0":{"start":{"line":6,"column":26},"end":{"line":50,"column":1}},"1":{"start":{"line":7,"column":41},"end":{"line":7,"column":65}},"2":{"start":{"line":9,"column":21},"end":{"line":29,"column":3}},"3":{"start":{"line":10,"column":4},"end":{"line":28,"column":5}},"4":{"start":{"line":12,"column":35},"end":{"line":12,"column":56}},"5":{"start":{"line":13,"column":33},"end":{"line":13,"column":52}},"6":{"start":{"line":14,"column":28},"end":{"line":14,"column":65}},"7":{"start":{"line":15,"column":19},"end":{"line":15,"column":42}},"8":{"start":{"line":17,"column":6},"end":{"line":19,"column":7}},"9":{"start":{"line":18,"column":8},"end":{"line":18,"column":32}},"10":{"start":{"line":21,"column":6},"end":{"line":25,"column":9}},"11":{"start":{"line":27,"column":6},"end":{"line":27,"column":30}},"12":{"start":{"line":31,"column":26},"end":{"line":35,"column":3}},"13":{"start":{"line":32,"column":4},"end":{"line":34,"column":5}},"14":{"start":{"line":33,"column":6},"end":{"line":33,"column":20}},"15":{"start":{"line":37,"column":31},"end":{"line":39,"column":3}},"16":{"start":{"line":38,"column":4},"end":{"line":38,"column":21}},"17":{"start":{"line":41,"column":2},"end":{"line":49,"column":4}}},"fnMap":{"0":{"name":"(anonymous_0)","decl":{"start":{"line":6,"column":26},"end":{"line":6,"column":27}},"loc":{"start":{"line":6,"column":73},"end":{"line":50,"column":1}},"line":6},"1":{"name":"(anonymous_1)","decl":{"start":{"line":9,"column":21},"end":{"line":9,"column":22}},"loc":{"start":{"line":9,"column":45},"end":{"line":29,"column":3}},"line":9},"2":{"name":"(anonymous_2)","decl":{"start":{"line":31,"column":26},"end":{"line":31,"column":27}},"loc":{"start":{"line":31,"column":32},"end":{"line":35,"column":3}},"line":31},"3":{"name":"(anonymous_3)","decl":{"start":{"line":37,"column":31},"end":{"line":37,"column":32}},"loc":{"start":{"line":37,"column":37},"end":{"line":39,"column":3}},"line":37}},"branchMap":{"0":{"loc":{"start":{"line":17,"column":6},"end":{"line":19,"column":7}},"type":"if","locations":[{"start":{"line":17,"column":6},"end":{"line":19,"column":7}},{"start":{},"end":{}}],"line":17},"1":{"loc":{"start":{"line":32,"column":4},"end":{"line":34,"column":5}},"type":"if","locations":[{"start":{"line":32,"column":4},"end":{"line":34,"column":5}},{"start":{},"end":{}}],"line":32}},"s":{"0":1,"1":6,"2":6,"3":6,"4":6,"5":6,"6":6,"7":6,"8":6,"9":1,"10":5,"11":0,"12":6,"13":2,"14":1,"15":6,"16":1,"17":6},"f":{"0":6,"1":6,"2":2,"3":1},"b":{"0":[1,5],"1":[1,1]},"_coverageSchema":"1a1c01bbd47fc00a2c39e90264f33305004495a9","hash":"dd1f80a7a60216b82c403bcc69e843c5ad2dda63"}
,"/Users/danielcontreras/Documents/Danigithub/conexa-challenge-daniel/src/features/home/components/NewsCard/NewsCardPresentational.tsx": {"path":"/Users/danielcontreras/Documents/Danigithub/conexa-challenge-daniel/src/features/home/components/NewsCard/NewsCardPresentational.tsx","statementMap":{"0":{"start":{"line":7,"column":31},"end":{"line":101,"column":1}},"1":{"start":{"line":14,"column":2},"end":{"line":100,"column":4}},"2":{"start":{"line":56,"column":22},"end":{"line":56,"column":42}},"3":{"start":{"line":57,"column":22},"end":{"line":57,"column":41}}},"fnMap":{"0":{"name":"(anonymous_0)","decl":{"start":{"line":7,"column":31},"end":{"line":7,"column":32}},"loc":{"start":{"line":13,"column":35},"end":{"line":101,"column":1}},"line":13},"1":{"name":"(anonymous_1)","decl":{"start":{"line":55,"column":29},"end":{"line":55,"column":30}},"loc":{"start":{"line":55,"column":36},"end":{"line":58,"column":21}},"line":55}},"branchMap":{"0":{"loc":{"start":{"line":11,"column":2},"end":{"line":11,"column":20}},"type":"default-arg","locations":[{"start":{"line":11,"column":15},"end":{"line":11,"column":20}}],"line":11},"1":{"loc":{"start":{"line":53,"column":17},"end":{"line":67,"column":17}},"type":"binary-expr","locations":[{"start":{"line":53,"column":17},"end":{"line":53,"column":33}},{"start":{"line":54,"column":18},"end":{"line":66,"column":37}}],"line":53},"2":{"loc":{"start":{"line":63,"column":29},"end":{"line":63,"column":63}},"type":"cond-expr","locations":[{"start":{"line":63,"column":42},"end":{"line":63,"column":51}},{"start":{"line":63,"column":54},"end":{"line":63,"column":63}}],"line":63},"3":{"loc":{"start":{"line":64,"column":28},"end":{"line":64,"column":66}},"type":"cond-expr","locations":[{"start":{"line":64,"column":41},"end":{"line":64,"column":50}},{"start":{"line":64,"column":53},"end":{"line":64,"column":66}}],"line":64}},"s":{"0":2,"1":11,"2":0,"3":0},"f":{"0":11,"1":0},"b":{"0":[8],"1":[11,3],"2":[1,2],"3":[1,2]},"_coverageSchema":"1a1c01bbd47fc00a2c39e90264f33305004495a9","hash":"fce1e51fd0feadef80c9dd53cf7c323fd911248d"}
,"/Users/danielcontreras/Documents/Danigithub/conexa-challenge-daniel/src/features/home/components/NewsCard/types.ts": {"path":"/Users/danielcontreras/Documents/Danigithub/conexa-challenge-daniel/src/features/home/components/NewsCard/types.ts","statementMap":{},"fnMap":{},"branchMap":{},"s":{},"f":{},"b":{}}
,"/Users/danielcontreras/Documents/Danigithub/conexa-challenge-daniel/src/features/home/hooks/usePosts.ts": {"path":"/Users/danielcontreras/Documents/Danigithub/conexa-challenge-daniel/src/features/home/hooks/usePosts.ts","statementMap":{"0":{"start":{"line":23,"column":24},"end":{"line":53,"column":1}},"1":{"start":{"line":24,"column":19},"end":{"line":24,"column":45}},"2":{"start":{"line":25,"column":47},"end":{"line":25,"column":65}},"3":{"start":{"line":27,"column":25},"end":{"line":27,"column":58}},"4":{"start":{"line":28,"column":22},"end":{"line":28,"column":52}},"5":{"start":{"line":31,"column":2},"end":{"line":35,"column":27}},"6":{"start":{"line":32,"column":4},"end":{"line":34,"column":5}},"7":{"start":{"line":33,"column":6},"end":{"line":33,"column":35}},"8":{"start":{"line":37,"column":23},"end":{"line":39,"column":16}},"9":{"start":{"line":38,"column":4},"end":{"line":38,"column":36}},"10":{"start":{"line":41,"column":28},"end":{"line":43,"column":16}},"11":{"start":{"line":42,"column":4},"end":{"line":42,"column":28}},"12":{"start":{"line":45,"column":2},"end":{"line":52,"column":4}},"13":{"start":{"line":56,"column":36},"end":{"line":63,"column":1}},"14":{"start":{"line":57,"column":19},"end":{"line":57,"column":45}},"15":{"start":{"line":59,"column":2},"end":{"line":62,"column":17}},"16":{"start":{"line":61,"column":4},"end":{"line":61,"column":30}},"17":{"start":{"line":66,"column":33},"end":{"line":69,"column":1}},"18":{"start":{"line":67,"column":25},"end":{"line":67,"column":58}},"19":{"start":{"line":68,"column":2},"end":{"line":68,"column":28}},"20":{"start":{"line":71,"column":28},"end":{"line":88,"column":1}},"21":{"start":{"line":72,"column":19},"end":{"line":72,"column":45}},"22":{"start":{"line":74,"column":24},"end":{"line":74,"column":56}},"23":{"start":{"line":75,"column":25},"end":{"line":75,"column":58}},"24":{"start":{"line":76,"column":29},"end":{"line":76,"column":66}},"25":{"start":{"line":78,"column":25},"end":{"line":80,"column":16}},"26":{"start":{"line":79,"column":4},"end":{"line":79,"column":52}},"27":{"start":{"line":82,"column":2},"end":{"line":87,"column":4}},"28":{"start":{"line":90,"column":31},"end":{"line":102,"column":1}},"29":{"start":{"line":91,"column":21},"end":{"line":91,"column":91}},"30":{"start":{"line":91,"column":55},"end":{"line":91,"column":90}},"31":{"start":{"line":92,"column":49},"end":{"line":92,"column":63}},"32":{"start":{"line":94,"column":25},"end":{"line":96,"column":34}},"33":{"start":{"line":95,"column":4},"end":{"line":95,"column":31}},"34":{"start":{"line":98,"column":2},"end":{"line":101,"column":4}}},"fnMap":{"0":{"name":"(anonymous_0)","decl":{"start":{"line":23,"column":24},"end":{"line":23,"column":25}},"loc":{"start":{"line":23,"column":30},"end":{"line":53,"column":1}},"line":23},"1":{"name":"(anonymous_1)","decl":{"start":{"line":31,"column":12},"end":{"line":31,"column":13}},"loc":{"start":{"line":31,"column":18},"end":{"line":35,"column":3}},"line":31},"2":{"name":"(anonymous_2)","decl":{"start":{"line":37,"column":35},"end":{"line":37,"column":36}},"loc":{"start":{"line":37,"column":54},"end":{"line":39,"column":3}},"line":37},"3":{"name":"(anonymous_3)","decl":{"start":{"line":41,"column":40},"end":{"line":41,"column":41}},"loc":{"start":{"line":41,"column":46},"end":{"line":43,"column":3}},"line":41},"4":{"name":"(anonymous_4)","decl":{"start":{"line":56,"column":36},"end":{"line":56,"column":37}},"loc":{"start":{"line":56,"column":42},"end":{"line":63,"column":1}},"line":56},"5":{"name":"(anonymous_5)","decl":{"start":{"line":59,"column":12},"end":{"line":59,"column":13}},"loc":{"start":{"line":59,"column":18},"end":{"line":62,"column":3}},"line":59},"6":{"name":"(anonymous_6)","decl":{"start":{"line":66,"column":33},"end":{"line":66,"column":34}},"loc":{"start":{"line":66,"column":39},"end":{"line":69,"column":1}},"line":66},"7":{"name":"(anonymous_7)","decl":{"start":{"line":71,"column":28},"end":{"line":71,"column":29}},"loc":{"start":{"line":71,"column":34},"end":{"line":88,"column":1}},"line":71},"8":{"name":"(anonymous_8)","decl":{"start":{"line":78,"column":37},"end":{"line":78,"column":38}},"loc":{"start":{"line":78,"column":57},"end":{"line":80,"column":3}},"line":78},"9":{"name":"(anonymous_9)","decl":{"start":{"line":90,"column":31},"end":{"line":90,"column":32}},"loc":{"start":{"line":90,"column":51},"end":{"line":102,"column":1}},"line":90},"10":{"name":"(anonymous_10)","decl":{"start":{"line":91,"column":33},"end":{"line":91,"column":34}},"loc":{"start":{"line":91,"column":55},"end":{"line":91,"column":90}},"line":91},"11":{"name":"(anonymous_11)","decl":{"start":{"line":94,"column":37},"end":{"line":94,"column":38}},"loc":{"start":{"line":94,"column":43},"end":{"line":96,"column":3}},"line":94}},"branchMap":{"0":{"loc":{"start":{"line":32,"column":4},"end":{"line":34,"column":5}},"type":"if","locations":[{"start":{"line":32,"column":4},"end":{"line":34,"column":5}},{"start":{},"end":{}}],"line":32}},"s":{"0":1,"1":5,"2":5,"3":5,"4":5,"5":5,"6":5,"7":4,"8":5,"9":1,"10":5,"11":1,"12":5,"13":1,"14":1,"15":1,"16":1,"17":1,"18":1,"19":1,"20":1,"21":4,"22":4,"23":4,"24":4,"25":4,"26":2,"27":4,"28":1,"29":2,"30":0,"31":2,"32":2,"33":1,"34":2},"f":{"0":5,"1":5,"2":1,"3":1,"4":1,"5":1,"6":1,"7":4,"8":2,"9":2,"10":0,"11":1},"b":{"0":[4,1]},"_coverageSchema":"1a1c01bbd47fc00a2c39e90264f33305004495a9","hash":"2896829027467128209613fe1b514a6bd15e4fa8"}
,"/Users/danielcontreras/Documents/Danigithub/conexa-challenge-daniel/src/features/home/screens/HomeScreen/HomeScreenContainer.tsx": {"path":"/Users/danielcontreras/Documents/Danigithub/conexa-challenge-daniel/src/features/home/screens/HomeScreen/HomeScreenContainer.tsx","statementMap":{"0":{"start":{"line":12,"column":28},"end":{"line":79,"column":1}},"1":{"start":{"line":13,"column":21},"end":{"line":13,"column":62}},"2":{"start":{"line":14,"column":17},"end":{"line":14,"column":36}},"3":{"start":{"line":15,"column":51},"end":{"line":15,"column":61}},"4":{"start":{"line":16,"column":16},"end":{"line":16,"column":25}},"5":{"start":{"line":18,"column":26},"end":{"line":25,"column":3}},"6":{"start":{"line":20,"column":4},"end":{"line":24,"column":5}},"7":{"start":{"line":21,"column":6},"end":{"line":21,"column":50}},"8":{"start":{"line":23,"column":6},"end":{"line":23,"column":60}},"9":{"start":{"line":27,"column":36},"end":{"line":29,"column":3}},"10":{"start":{"line":28,"column":4},"end":{"line":28,"column":37}},"11":{"start":{"line":32,"column":26},"end":{"line":32,"column":87}},"12":{"start":{"line":33,"column":31},"end":{"line":33,"column":78}},"13":{"start":{"line":35,"column":26},"end":{"line":39,"column":3}},"14":{"start":{"line":36,"column":4},"end":{"line":36,"column":41}},"15":{"start":{"line":36,"column":31},"end":{"line":36,"column":41}},"16":{"start":{"line":37,"column":4},"end":{"line":37,"column":61}},"17":{"start":{"line":37,"column":30},"end":{"line":37,"column":61}},"18":{"start":{"line":38,"column":4},"end":{"line":38,"column":14}},"19":{"start":{"line":41,"column":23},"end":{"line":45,"column":3}},"20":{"start":{"line":48,"column":16},"end":{"line":55,"column":3}},"21":{"start":{"line":57,"column":19},"end":{"line":59,"column":13}},"22":{"start":{"line":58,"column":4},"end":{"line":58,"column":56}},"23":{"start":{"line":61,"column":22},"end":{"line":63,"column":26}},"24":{"start":{"line":65,"column":22},"end":{"line":74,"column":3}},"25":{"start":{"line":76,"column":2},"end":{"line":78,"column":4}}},"fnMap":{"0":{"name":"(anonymous_0)","decl":{"start":{"line":12,"column":28},"end":{"line":12,"column":29}},"loc":{"start":{"line":12,"column":34},"end":{"line":79,"column":1}},"line":12},"1":{"name":"(anonymous_1)","decl":{"start":{"line":18,"column":26},"end":{"line":18,"column":27}},"loc":{"start":{"line":18,"column":46},"end":{"line":25,"column":3}},"line":18},"2":{"name":"(anonymous_2)","decl":{"start":{"line":27,"column":36},"end":{"line":27,"column":37}},"loc":{"start":{"line":27,"column":42},"end":{"line":29,"column":3}},"line":27},"3":{"name":"(anonymous_3)","decl":{"start":{"line":35,"column":26},"end":{"line":35,"column":27}},"loc":{"start":{"line":35,"column":32},"end":{"line":39,"column":3}},"line":35},"4":{"name":"(anonymous_4)","decl":{"start":{"line":57,"column":27},"end":{"line":57,"column":28}},"loc":{"start":{"line":57,"column":33},"end":{"line":59,"column":3}},"line":57}},"branchMap":{"0":{"loc":{"start":{"line":32,"column":26},"end":{"line":32,"column":87}},"type":"cond-expr","locations":[{"start":{"line":32,"column":54},"end":{"line":32,"column":83}},{"start":{"line":32,"column":86},"end":{"line":32,"column":87}}],"line":32},"1":{"loc":{"start":{"line":32,"column":54},"end":{"line":32,"column":83}},"type":"binary-expr","locations":[{"start":{"line":32,"column":54},"end":{"line":32,"column":77}},{"start":{"line":32,"column":81},"end":{"line":32,"column":83}}],"line":32},"2":{"loc":{"start":{"line":33,"column":31},"end":{"line":33,"column":78}},"type":"binary-expr","locations":[{"start":{"line":33,"column":31},"end":{"line":33,"column":56}},{"start":{"line":33,"column":60},"end":{"line":33,"column":78}}],"line":33},"3":{"loc":{"start":{"line":36,"column":4},"end":{"line":36,"column":41}},"type":"if","locations":[{"start":{"line":36,"column":4},"end":{"line":36,"column":41}},{"start":{},"end":{}}],"line":36},"4":{"loc":{"start":{"line":37,"column":4},"end":{"line":37,"column":61}},"type":"if","locations":[{"start":{"line":37,"column":4},"end":{"line":37,"column":61}},{"start":{},"end":{}}],"line":37},"5":{"loc":{"start":{"line":43,"column":19},"end":{"line":43,"column":60}},"type":"cond-expr","locations":[{"start":{"line":43,"column":42},"end":{"line":43,"column":55}},{"start":{"line":43,"column":58},"end":{"line":43,"column":60}}],"line":43},"6":{"loc":{"start":{"line":58,"column":11},"end":{"line":58,"column":55}},"type":"cond-expr","locations":[{"start":{"line":58,"column":19},"end":{"line":58,"column":50}},{"start":{"line":58,"column":53},"end":{"line":58,"column":55}}],"line":58},"7":{"loc":{"start":{"line":61,"column":22},"end":{"line":63,"column":26}},"type":"cond-expr","locations":[{"start":{"line":62,"column":6},"end":{"line":62,"column":52}},{"start":{"line":63,"column":6},"end":{"line":63,"column":26}}],"line":61}},"s":{"0":1,"1":35,"2":35,"3":35,"4":35,"5":35,"6":6,"7":6,"8":0,"9":35,"10":1,"11":35,"12":35,"13":35,"14":35,"15":35,"16":0,"17":0,"18":0,"19":35,"20":35,"21":35,"22":33,"23":35,"24":35,"25":35},"f":{"0":35,"1":6,"2":1,"3":35,"4":33},"b":{"0":[0,35],"1":[0,0],"2":[35,0],"3":[35,0],"4":[0,0],"5":[0,35],"6":[33,0],"7":[7,28]},"_coverageSchema":"1a1c01bbd47fc00a2c39e90264f33305004495a9","hash":"c39eb7d387b7256a7aa6a6a78b9d825e8eb646f9"}
,"/Users/danielcontreras/Documents/Danigithub/conexa-challenge-daniel/src/features/home/screens/HomeScreen/HomeScreenPresentational.tsx": {"path":"/Users/danielcontreras/Documents/Danigithub/conexa-challenge-daniel/src/features/home/screens/HomeScreen/HomeScreenPresentational.tsx","statementMap":{"0":{"start":{"line":10,"column":33},"end":{"line":119,"column":1}},"1":{"start":{"line":21,"column":25},"end":{"line":27,"column":3}},"2":{"start":{"line":22,"column":4},"end":{"line":26,"column":6}},"3":{"start":{"line":29,"column":31},"end":{"line":68,"column":3}},"4":{"start":{"line":30,"column":4},"end":{"line":39,"column":5}},"5":{"start":{"line":31,"column":6},"end":{"line":38,"column":8}},"6":{"start":{"line":41,"column":4},"end":{"line":52,"column":5}},"7":{"start":{"line":42,"column":6},"end":{"line":51,"column":8}},"8":{"start":{"line":54,"column":4},"end":{"line":65,"column":5}},"9":{"start":{"line":55,"column":6},"end":{"line":64,"column":8}},"10":{"start":{"line":67,"column":4},"end":{"line":67,"column":16}},"11":{"start":{"line":70,"column":2},"end":{"line":118,"column":4}},"12":{"start":{"line":104,"column":32},"end":{"line":104,"column":39}},"13":{"start":{"line":111,"column":38},"end":{"line":111,"column":60}}},"fnMap":{"0":{"name":"(anonymous_0)","decl":{"start":{"line":10,"column":33},"end":{"line":10,"column":34}},"loc":{"start":{"line":19,"column":37},"end":{"line":119,"column":1}},"line":19},"1":{"name":"(anonymous_1)","decl":{"start":{"line":21,"column":25},"end":{"line":21,"column":26}},"loc":{"start":{"line":22,"column":4},"end":{"line":26,"column":6}},"line":22},"2":{"name":"(anonymous_2)","decl":{"start":{"line":29,"column":31},"end":{"line":29,"column":32}},"loc":{"start":{"line":29,"column":37},"end":{"line":68,"column":3}},"line":29},"3":{"name":"(anonymous_3)","decl":{"start":{"line":104,"column":22},"end":{"line":104,"column":23}},"loc":{"start":{"line":104,"column":32},"end":{"line":104,"column":39}},"line":104},"4":{"name":"(anonymous_4)","decl":{"start":{"line":111,"column":32},"end":{"line":111,"column":33}},"loc":{"start":{"line":111,"column":38},"end":{"line":111,"column":60}},"line":111}},"branchMap":{"0":{"loc":{"start":{"line":15,"column":2},"end":{"line":15,"column":19}},"type":"default-arg","locations":[{"start":{"line":15,"column":14},"end":{"line":15,"column":19}}],"line":15},"1":{"loc":{"start":{"line":16,"column":2},"end":{"line":16,"column":18}},"type":"default-arg","locations":[{"start":{"line":16,"column":13},"end":{"line":16,"column":18}}],"line":16},"2":{"loc":{"start":{"line":30,"column":4},"end":{"line":39,"column":5}},"type":"if","locations":[{"start":{"line":30,"column":4},"end":{"line":39,"column":5}},{"start":{},"end":{}}],"line":30},"3":{"loc":{"start":{"line":41,"column":4},"end":{"line":52,"column":5}},"type":"if","locations":[{"start":{"line":41,"column":4},"end":{"line":52,"column":5}},{"start":{},"end":{}}],"line":41},"4":{"loc":{"start":{"line":54,"column":4},"end":{"line":65,"column":5}},"type":"if","locations":[{"start":{"line":54,"column":4},"end":{"line":65,"column":5}},{"start":{},"end":{}}],"line":54}},"s":{"0":1,"1":35,"2":35,"3":35,"4":10,"5":3,"6":7,"7":2,"8":5,"9":5,"10":0,"11":35,"12":61,"13":11},"f":{"0":35,"1":35,"2":10,"3":61,"4":11},"b":{"0":[0],"1":[0],"2":[3,7],"3":[2,5],"4":[5,0]},"_coverageSchema":"1a1c01bbd47fc00a2c39e90264f33305004495a9","hash":"1344c4dbc2815846c575b83e8f0fc4357ef1ab02"}
,"/Users/danielcontreras/Documents/Danigithub/conexa-challenge-daniel/src/features/home/screens/HomeScreen/types.ts": {"path":"/Users/danielcontreras/Documents/Danigithub/conexa-challenge-daniel/src/features/home/screens/HomeScreen/types.ts","statementMap":{},"fnMap":{},"branchMap":{},"s":{},"f":{},"b":{},"_coverageSchema":"1a1c01bbd47fc00a2c39e90264f33305004495a9","hash":"e964bc3dc827d4659cf4d046a84fb6a74408f750"}
,"/Users/danielcontreras/Documents/Danigithub/conexa-challenge-daniel/src/features/news-detail/screens/NewsDetailScreen/NewsDetailScreenContainer.tsx": {"path":"/Users/danielcontreras/Documents/Danigithub/conexa-challenge-daniel/src/features/news-detail/screens/NewsDetailScreen/NewsDetailScreenContainer.tsx","statementMap":{"0":{"start":{"line":11,"column":34},"end":{"line":70,"column":1}},"1":{"start":{"line":12,"column":21},"end":{"line":12,"column":68}},"2":{"start":{"line":13,"column":16},"end":{"line":13,"column":53}},"3":{"start":{"line":14,"column":17},"end":{"line":14,"column":36}},"4":{"start":{"line":16,"column":19},"end":{"line":16,"column":31}},"5":{"start":{"line":17,"column":41},"end":{"line":17,"column":65}},"6":{"start":{"line":20,"column":21},"end":{"line":41,"column":3}},"7":{"start":{"line":21,"column":4},"end":{"line":40,"column":5}},"8":{"start":{"line":22,"column":35},"end":{"line":22,"column":56}},"9":{"start":{"line":23,"column":33},"end":{"line":23,"column":52}},"10":{"start":{"line":24,"column":28},"end":{"line":24,"column":65}},"11":{"start":{"line":25,"column":19},"end":{"line":25,"column":42}},"12":{"start":{"line":27,"column":6},"end":{"line":29,"column":7}},"13":{"start":{"line":28,"column":8},"end":{"line":28,"column":32}},"14":{"start":{"line":31,"column":6},"end":{"line":37,"column":9}},"15":{"start":{"line":39,"column":6},"end":{"line":39,"column":30}},"16":{"start":{"line":43,"column":23},"end":{"line":45,"column":3}},"17":{"start":{"line":44,"column":4},"end":{"line":44,"column":24}},"18":{"start":{"line":47,"column":31},"end":{"line":49,"column":3}},"19":{"start":{"line":48,"column":4},"end":{"line":48,"column":21}},"20":{"start":{"line":51,"column":26},"end":{"line":51,"column":87}},"21":{"start":{"line":52,"column":31},"end":{"line":52,"column":78}},"22":{"start":{"line":54,"column":21},"end":{"line":54,"column":54}},"23":{"start":{"line":55,"column":24},"end":{"line":55,"column":65}},"24":{"start":{"line":57,"column":2},"end":{"line":69,"column":4}}},"fnMap":{"0":{"name":"(anonymous_0)","decl":{"start":{"line":11,"column":34},"end":{"line":11,"column":35}},"loc":{"start":{"line":11,"column":40},"end":{"line":70,"column":1}},"line":11},"1":{"name":"(anonymous_1)","decl":{"start":{"line":20,"column":21},"end":{"line":20,"column":22}},"loc":{"start":{"line":20,"column":45},"end":{"line":41,"column":3}},"line":20},"2":{"name":"(anonymous_2)","decl":{"start":{"line":43,"column":23},"end":{"line":43,"column":24}},"loc":{"start":{"line":43,"column":29},"end":{"line":45,"column":3}},"line":43},"3":{"name":"(anonymous_3)","decl":{"start":{"line":47,"column":31},"end":{"line":47,"column":32}},"loc":{"start":{"line":47,"column":37},"end":{"line":49,"column":3}},"line":47}},"branchMap":{"0":{"loc":{"start":{"line":27,"column":6},"end":{"line":29,"column":7}},"type":"if","locations":[{"start":{"line":27,"column":6},"end":{"line":29,"column":7}},{"start":{},"end":{}}],"line":27},"1":{"loc":{"start":{"line":51,"column":26},"end":{"line":51,"column":87}},"type":"cond-expr","locations":[{"start":{"line":51,"column":54},"end":{"line":51,"column":83}},{"start":{"line":51,"column":86},"end":{"line":51,"column":87}}],"line":51},"2":{"loc":{"start":{"line":51,"column":54},"end":{"line":51,"column":83}},"type":"binary-expr","locations":[{"start":{"line":51,"column":54},"end":{"line":51,"column":77}},{"start":{"line":51,"column":81},"end":{"line":51,"column":83}}],"line":51},"3":{"loc":{"start":{"line":52,"column":31},"end":{"line":52,"column":78}},"type":"binary-expr","locations":[{"start":{"line":52,"column":31},"end":{"line":52,"column":56}},{"start":{"line":52,"column":60},"end":{"line":52,"column":78}}],"line":52},"4":{"loc":{"start":{"line":55,"column":24},"end":{"line":55,"column":65}},"type":"cond-expr","locations":[{"start":{"line":55,"column":47},"end":{"line":55,"column":60}},{"start":{"line":55,"column":63},"end":{"line":55,"column":65}}],"line":55}},"s":{"0":1,"1":2,"2":2,"3":2,"4":2,"5":2,"6":2,"7":2,"8":2,"9":2,"10":2,"11":2,"12":2,"13":0,"14":2,"15":0,"16":2,"17":0,"18":2,"19":0,"20":2,"21":2,"22":2,"23":2,"24":2},"f":{"0":2,"1":2,"2":0,"3":0},"b":{"0":[0,2],"1":[2,0],"2":[2,0],"3":[2,2],"4":[2,0]},"_coverageSchema":"1a1c01bbd47fc00a2c39e90264f33305004495a9","hash":"79683013a098ac7db56d9118cc3a4cf573934f0d"}
,"/Users/danielcontreras/Documents/Danigithub/conexa-challenge-daniel/src/features/news-detail/screens/NewsDetailScreen/NewsDetailScreenPresentational.tsx": {"path":"/Users/danielcontreras/Documents/Danigithub/conexa-challenge-daniel/src/features/news-detail/screens/NewsDetailScreen/NewsDetailScreenPresentational.tsx","statementMap":{"0":{"start":{"line":7,"column":39},"end":{"line":192,"column":1}},"1":{"start":{"line":18,"column":2},"end":{"line":191,"column":4}}},"fnMap":{"0":{"name":"(anonymous_0)","decl":{"start":{"line":7,"column":39},"end":{"line":7,"column":40}},"loc":{"start":{"line":17,"column":43},"end":{"line":192,"column":1}},"line":17}},"branchMap":{"0":{"loc":{"start":{"line":59,"column":19},"end":{"line":59,"column":53}},"type":"cond-expr","locations":[{"start":{"line":59,"column":32},"end":{"line":59,"column":41}},{"start":{"line":59,"column":44},"end":{"line":59,"column":53}}],"line":59},"1":{"loc":{"start":{"line":60,"column":18},"end":{"line":60,"column":56}},"type":"cond-expr","locations":[{"start":{"line":60,"column":31},"end":{"line":60,"column":40}},{"start":{"line":60,"column":43},"end":{"line":60,"column":56}}],"line":60},"2":{"loc":{"start":{"line":76,"column":11},"end":{"line":88,"column":11}},"type":"binary-expr","locations":[{"start":{"line":76,"column":11},"end":{"line":76,"column":24}},{"start":{"line":77,"column":12},"end":{"line":87,"column":21}}],"line":76}},"s":{"0":0,"1":0},"f":{"0":0},"b":{"0":[0,0],"1":[0,0],"2":[0,0]}}
,"/Users/danielcontreras/Documents/Danigithub/conexa-challenge-daniel/src/features/news-detail/screens/NewsDetailScreen/types.ts": {"path":"/Users/danielcontreras/Documents/Danigithub/conexa-challenge-daniel/src/features/news-detail/screens/NewsDetailScreen/types.ts","statementMap":{},"fnMap":{},"branchMap":{},"s":{},"f":{},"b":{},"_coverageSchema":"1a1c01bbd47fc00a2c39e90264f33305004495a9","hash":"31212766a35e3d86ed74211689383062e7fa9564"}
,"/Users/danielcontreras/Documents/Danigithub/conexa-challenge-daniel/src/features/settings/components/I18nDemo/I18nDemoContainer.tsx": {"path":"/Users/danielcontreras/Documents/Danigithub/conexa-challenge-daniel/src/features/settings/components/I18nDemo/I18nDemoContainer.tsx","statementMap":{"0":{"start":{"line":5,"column":26},"end":{"line":50,"column":1}},"1":{"start":{"line":6,"column":16},"end":{"line":6,"column":25}},"2":{"start":{"line":7,"column":31},"end":{"line":7,"column":53}},"3":{"start":{"line":10,"column":32},"end":{"line":12,"column":3}},"4":{"start":{"line":11,"column":4},"end":{"line":11,"column":59}},"5":{"start":{"line":15,"column":23},"end":{"line":38,"column":3}},"6":{"start":{"line":16,"column":4},"end":{"line":37,"column":6}},"7":{"start":{"line":40,"column":2},"end":{"line":49,"column":4}}},"fnMap":{"0":{"name":"(anonymous_0)","decl":{"start":{"line":5,"column":26},"end":{"line":5,"column":27}},"loc":{"start":{"line":5,"column":32},"end":{"line":50,"column":1}},"line":5},"1":{"name":"(anonymous_1)","decl":{"start":{"line":10,"column":32},"end":{"line":10,"column":33}},"loc":{"start":{"line":10,"column":50},"end":{"line":12,"column":3}},"line":10},"2":{"name":"(anonymous_2)","decl":{"start":{"line":15,"column":23},"end":{"line":15,"column":24}},"loc":{"start":{"line":15,"column":29},"end":{"line":38,"column":3}},"line":15}},"branchMap":{"0":{"loc":{"start":{"line":11,"column":11},"end":{"line":11,"column":58}},"type":"cond-expr","locations":[{"start":{"line":11,"column":27},"end":{"line":11,"column":41}},{"start":{"line":11,"column":44},"end":{"line":11,"column":58}}],"line":11}},"s":{"0":1,"1":2,"2":2,"3":2,"4":2,"5":2,"6":2,"7":2},"f":{"0":2,"1":2,"2":2},"b":{"0":[0,2]},"_coverageSchema":"1a1c01bbd47fc00a2c39e90264f33305004495a9","hash":"9d685ba118c610efcc8037d82afdea3f79d81f34"}
,"/Users/danielcontreras/Documents/Danigithub/conexa-challenge-daniel/src/features/settings/components/I18nDemo/I18nDemoPresentational.tsx": {"path":"/Users/danielcontreras/Documents/Danigithub/conexa-challenge-daniel/src/features/settings/components/I18nDemo/I18nDemoPresentational.tsx","statementMap":{"0":{"start":{"line":7,"column":31},"end":{"line":68,"column":2}},"1":{"start":{"line":15,"column":2},"end":{"line":67,"column":4}},"2":{"start":{"line":60,"column":10},"end":{"line":63,"column":19}},"3":{"start":{"line":70,"column":0},"end":{"line":70,"column":62}}},"fnMap":{"0":{"name":"(anonymous_0)","decl":{"start":{"line":7,"column":42},"end":{"line":7,"column":43}},"loc":{"start":{"line":14,"column":35},"end":{"line":68,"column":1}},"line":14},"1":{"name":"(anonymous_1)","decl":{"start":{"line":59,"column":23},"end":{"line":59,"column":24}},"loc":{"start":{"line":60,"column":10},"end":{"line":63,"column":19}},"line":60}},"branchMap":{},"s":{"0":1,"1":3,"2":6,"3":1},"f":{"0":3,"1":6},"b":{},"_coverageSchema":"1a1c01bbd47fc00a2c39e90264f33305004495a9","hash":"2b344ad9f1096d1e964acca4a283318da054b8ca"}
,"/Users/danielcontreras/Documents/Danigithub/conexa-challenge-daniel/src/features/settings/components/I18nDemo/types.ts": {"path":"/Users/danielcontreras/Documents/Danigithub/conexa-challenge-daniel/src/features/settings/components/I18nDemo/types.ts","statementMap":{},"fnMap":{},"branchMap":{},"s":{},"f":{},"b":{}}
,"/Users/danielcontreras/Documents/Danigithub/conexa-challenge-daniel/src/features/settings/components/LanguageSwitcher/LanguageSwitcherContainer.tsx": {"path":"/Users/danielcontreras/Documents/Danigithub/conexa-challenge-daniel/src/features/settings/components/LanguageSwitcher/LanguageSwitcherContainer.tsx","statementMap":{"0":{"start":{"line":16,"column":34},"end":{"line":18,"column":1}},"1":{"start":{"line":17,"column":2},"end":{"line":17,"column":85}},"2":{"start":{"line":20,"column":32},"end":{"line":44,"column":1}},"3":{"start":{"line":25,"column":47},"end":{"line":25,"column":69}},"4":{"start":{"line":26,"column":21},"end":{"line":26,"column":50}},"5":{"start":{"line":28,"column":22},"end":{"line":34,"column":41}},"6":{"start":{"line":29,"column":4},"end":{"line":33,"column":5}},"7":{"start":{"line":30,"column":6},"end":{"line":30,"column":16}},"8":{"start":{"line":32,"column":6},"end":{"line":32,"column":31}},"9":{"start":{"line":36,"column":2},"end":{"line":43,"column":4}},"10":{"start":{"line":46,"column":32},"end":{"line":57,"column":1}},"11":{"start":{"line":47,"column":46},"end":{"line":47,"column":68}},"12":{"start":{"line":49,"column":2},"end":{"line":56,"column":4}},"13":{"start":{"line":59,"column":30},"end":{"line":64,"column":1}},"14":{"start":{"line":60,"column":16},"end":{"line":60,"column":25}},"15":{"start":{"line":61,"column":15},"end":{"line":61,"column":32}},"16":{"start":{"line":63,"column":2},"end":{"line":63,"column":52}},"17":{"start":{"line":67,"column":0},"end":{"line":67,"column":59}},"18":{"start":{"line":68,"column":0},"end":{"line":68,"column":59}},"19":{"start":{"line":69,"column":0},"end":{"line":69,"column":55}}},"fnMap":{"0":{"name":"(anonymous_0)","decl":{"start":{"line":16,"column":34},"end":{"line":16,"column":35}},"loc":{"start":{"line":16,"column":84},"end":{"line":18,"column":1}},"line":16},"1":{"name":"(anonymous_1)","decl":{"start":{"line":20,"column":32},"end":{"line":20,"column":33}},"loc":{"start":{"line":24,"column":36},"end":{"line":44,"column":1}},"line":24},"2":{"name":"(anonymous_2)","decl":{"start":{"line":28,"column":34},"end":{"line":28,"column":35}},"loc":{"start":{"line":28,"column":40},"end":{"line":34,"column":3}},"line":28},"3":{"name":"(anonymous_3)","decl":{"start":{"line":46,"column":32},"end":{"line":46,"column":33}},"loc":{"start":{"line":46,"column":80},"end":{"line":57,"column":1}},"line":46},"4":{"name":"(anonymous_4)","decl":{"start":{"line":59,"column":30},"end":{"line":59,"column":31}},"loc":{"start":{"line":59,"column":82},"end":{"line":64,"column":1}},"line":59}},"branchMap":{"0":{"loc":{"start":{"line":29,"column":4},"end":{"line":33,"column":5}},"type":"if","locations":[{"start":{"line":29,"column":4},"end":{"line":33,"column":5}},{"start":{"line":31,"column":11},"end":{"line":33,"column":5}}],"line":29}},"s":{"0":1,"1":1,"2":1,"3":2,"4":2,"5":2,"6":2,"7":1,"8":1,"9":2,"10":1,"11":1,"12":1,"13":1,"14":1,"15":1,"16":1,"17":1,"18":1,"19":1},"f":{"0":1,"1":2,"2":2,"3":1,"4":1},"b":{"0":[1,1]},"_coverageSchema":"1a1c01bbd47fc00a2c39e90264f33305004495a9","hash":"a0aab460244b46fd147a0b720fc66b4b4d2b9986"}
,"/Users/danielcontreras/Documents/Danigithub/conexa-challenge-daniel/src/features/settings/components/LanguageSwitcher/LanguageSwitcherPresentational.tsx": {"path":"/Users/danielcontreras/Documents/Danigithub/conexa-challenge-daniel/src/features/settings/components/LanguageSwitcher/LanguageSwitcherPresentational.tsx","statementMap":{"0":{"start":{"line":11,"column":39},"end":{"line":17,"column":1}},"1":{"start":{"line":12,"column":2},"end":{"line":16,"column":4}},"2":{"start":{"line":19,"column":37},"end":{"line":33,"column":1}},"3":{"start":{"line":24,"column":2},"end":{"line":32,"column":4}},"4":{"start":{"line":35,"column":37},"end":{"line":49,"column":1}},"5":{"start":{"line":40,"column":2},"end":{"line":48,"column":4}},"6":{"start":{"line":51,"column":35},"end":{"line":53,"column":1}},"7":{"start":{"line":52,"column":2},"end":{"line":52,"column":29}},"8":{"start":{"line":55,"column":0},"end":{"line":55,"column":78}},"9":{"start":{"line":56,"column":0},"end":{"line":56,"column":74}},"10":{"start":{"line":57,"column":0},"end":{"line":57,"column":74}},"11":{"start":{"line":58,"column":0},"end":{"line":58,"column":70}}},"fnMap":{"0":{"name":"(anonymous_0)","decl":{"start":{"line":11,"column":39},"end":{"line":11,"column":40}},"loc":{"start":{"line":11,"column":94},"end":{"line":17,"column":1}},"line":11},"1":{"name":"(anonymous_1)","decl":{"start":{"line":19,"column":37},"end":{"line":19,"column":38}},"loc":{"start":{"line":23,"column":41},"end":{"line":33,"column":1}},"line":23},"2":{"name":"(anonymous_2)","decl":{"start":{"line":35,"column":37},"end":{"line":35,"column":38}},"loc":{"start":{"line":39,"column":41},"end":{"line":49,"column":1}},"line":39},"3":{"name":"(anonymous_3)","decl":{"start":{"line":51,"column":35},"end":{"line":51,"column":36}},"loc":{"start":{"line":51,"column":82},"end":{"line":53,"column":1}},"line":51}},"branchMap":{"0":{"loc":{"start":{"line":27,"column":15},"end":{"line":27,"column":51}},"type":"cond-expr","locations":[{"start":{"line":27,"column":28},"end":{"line":27,"column":37}},{"start":{"line":27,"column":40},"end":{"line":27,"column":51}}],"line":27},"1":{"loc":{"start":{"line":46,"column":7},"end":{"line":46,"column":48}},"type":"binary-expr","locations":[{"start":{"line":46,"column":7},"end":{"line":46,"column":15}},{"start":{"line":46,"column":19},"end":{"line":46,"column":48}}],"line":46}},"s":{"0":0,"1":0,"2":0,"3":0,"4":0,"5":0,"6":0,"7":0,"8":0,"9":0,"10":0,"11":0},"f":{"0":0,"1":0,"2":0,"3":0},"b":{"0":[0,0],"1":[0,0]}}
,"/Users/danielcontreras/Documents/Danigithub/conexa-challenge-daniel/src/features/settings/components/LanguageSwitcher/types.ts": {"path":"/Users/danielcontreras/Documents/Danigithub/conexa-challenge-daniel/src/features/settings/components/LanguageSwitcher/types.ts","statementMap":{},"fnMap":{},"branchMap":{},"s":{},"f":{},"b":{},"_coverageSchema":"1a1c01bbd47fc00a2c39e90264f33305004495a9","hash":"35136dc7e6104c89aa7292ce5c5d56f2809c105b"}
,"/Users/danielcontreras/Documents/Danigithub/conexa-challenge-daniel/src/features/settings/screens/SettingsScreen/SettingsScreenContainer.tsx": {"path":"/Users/danielcontreras/Documents/Danigithub/conexa-challenge-daniel/src/features/settings/screens/SettingsScreen/SettingsScreenContainer.tsx","statementMap":{"0":{"start":{"line":10,"column":32},"end":{"line":43,"column":1}},"1":{"start":{"line":11,"column":19},"end":{"line":11,"column":45}},"2":{"start":{"line":12,"column":17},"end":{"line":12,"column":36}},"3":{"start":{"line":13,"column":20},"end":{"line":13,"column":75}},"4":{"start":{"line":13,"column":54},"end":{"line":13,"column":74}},"5":{"start":{"line":14,"column":16},"end":{"line":14,"column":25}},"6":{"start":{"line":16,"column":23},"end":{"line":23,"column":3}},"7":{"start":{"line":18,"column":4},"end":{"line":18,"column":31}},"8":{"start":{"line":19,"column":4},"end":{"line":22,"column":13}},"9":{"start":{"line":20,"column":6},"end":{"line":20,"column":35}},"10":{"start":{"line":21,"column":6},"end":{"line":21,"column":34}},"11":{"start":{"line":26,"column":26},"end":{"line":26,"column":87}},"12":{"start":{"line":27,"column":21},"end":{"line":27,"column":54}},"13":{"start":{"line":30,"column":16},"end":{"line":33,"column":3}},"14":{"start":{"line":35,"column":2},"end":{"line":42,"column":4}}},"fnMap":{"0":{"name":"(anonymous_0)","decl":{"start":{"line":10,"column":32},"end":{"line":10,"column":33}},"loc":{"start":{"line":10,"column":38},"end":{"line":43,"column":1}},"line":10},"1":{"name":"(anonymous_1)","decl":{"start":{"line":13,"column":32},"end":{"line":13,"column":33}},"loc":{"start":{"line":13,"column":54},"end":{"line":13,"column":74}},"line":13},"2":{"name":"(anonymous_2)","decl":{"start":{"line":16,"column":23},"end":{"line":16,"column":24}},"loc":{"start":{"line":16,"column":29},"end":{"line":23,"column":3}},"line":16},"3":{"name":"(anonymous_3)","decl":{"start":{"line":19,"column":15},"end":{"line":19,"column":16}},"loc":{"start":{"line":19,"column":21},"end":{"line":22,"column":5}},"line":19}},"branchMap":{"0":{"loc":{"start":{"line":26,"column":26},"end":{"line":26,"column":87}},"type":"cond-expr","locations":[{"start":{"line":26,"column":54},"end":{"line":26,"column":83}},{"start":{"line":26,"column":86},"end":{"line":26,"column":87}}],"line":26},"1":{"loc":{"start":{"line":26,"column":54},"end":{"line":26,"column":83}},"type":"binary-expr","locations":[{"start":{"line":26,"column":54},"end":{"line":26,"column":77}},{"start":{"line":26,"column":81},"end":{"line":26,"column":83}}],"line":26},"2":{"loc":{"start":{"line":32,"column":18},"end":{"line":32,"column":73}},"type":"cond-expr","locations":[{"start":{"line":32,"column":30},"end":{"line":32,"column":54}},{"start":{"line":32,"column":57},"end":{"line":32,"column":73}}],"line":32}},"s":{"0":1,"1":4,"2":4,"3":4,"4":0,"5":4,"6":4,"7":0,"8":0,"9":0,"10":0,"11":4,"12":4,"13":4,"14":4},"f":{"0":4,"1":0,"2":0,"3":0},"b":{"0":[3,1],"1":[3,0],"2":[0,4]},"_coverageSchema":"1a1c01bbd47fc00a2c39e90264f33305004495a9","hash":"fe3290b3344694d4bbdab25879b777b2d72139e8"}
,"/Users/danielcontreras/Documents/Danigithub/conexa-challenge-daniel/src/features/settings/screens/SettingsScreen/SettingsScreenPresentational.tsx": {"path":"/Users/danielcontreras/Documents/Danigithub/conexa-challenge-daniel/src/features/settings/screens/SettingsScreen/SettingsScreenPresentational.tsx","statementMap":{"0":{"start":{"line":8,"column":37},"end":{"line":42,"column":1}},"1":{"start":{"line":14,"column":2},"end":{"line":41,"column":4}}},"fnMap":{"0":{"name":"(anonymous_0)","decl":{"start":{"line":8,"column":37},"end":{"line":8,"column":38}},"loc":{"start":{"line":13,"column":41},"end":{"line":42,"column":1}},"line":13}},"branchMap":{"0":{"loc":{"start":{"line":33,"column":16},"end":{"line":33,"column":48}},"type":"cond-expr","locations":[{"start":{"line":33,"column":26},"end":{"line":33,"column":35}},{"start":{"line":33,"column":38},"end":{"line":33,"column":48}}],"line":33}},"s":{"0":1,"1":3},"f":{"0":3},"b":{"0":[0,3]},"_coverageSchema":"1a1c01bbd47fc00a2c39e90264f33305004495a9","hash":"a3d9262b9b7c9a6ed778b665d81266eb3ffb5bda"}
,"/Users/danielcontreras/Documents/Danigithub/conexa-challenge-daniel/src/features/settings/screens/SettingsScreen/types.ts": {"path":"/Users/danielcontreras/Documents/Danigithub/conexa-challenge-daniel/src/features/settings/screens/SettingsScreen/types.ts","statementMap":{},"fnMap":{},"branchMap":{},"s":{},"f":{},"b":{}}
,"/Users/danielcontreras/Documents/Danigithub/conexa-challenge-daniel/src/features/users/components/UserItem/UserItemContainer.tsx": {"path":"/Users/danielcontreras/Documents/Danigithub/conexa-challenge-daniel/src/features/users/components/UserItem/UserItemContainer.tsx","statementMap":{"0":{"start":{"line":5,"column":26},"end":{"line":23,"column":1}},"1":{"start":{"line":7,"column":19},"end":{"line":9,"column":37}},"2":{"start":{"line":8,"column":4},"end":{"line":8,"column":48}},"3":{"start":{"line":12,"column":22},"end":{"line":14,"column":21}},"4":{"start":{"line":13,"column":4},"end":{"line":13,"column":18}},"5":{"start":{"line":16,"column":2},"end":{"line":22,"column":4}}},"fnMap":{"0":{"name":"(anonymous_0)","decl":{"start":{"line":5,"column":26},"end":{"line":5,"column":27}},"loc":{"start":{"line":5,"column":73},"end":{"line":23,"column":1}},"line":5},"1":{"name":"(anonymous_1)","decl":{"start":{"line":7,"column":27},"end":{"line":7,"column":28}},"loc":{"start":{"line":7,"column":33},"end":{"line":9,"column":3}},"line":7},"2":{"name":"(anonymous_2)","decl":{"start":{"line":12,"column":34},"end":{"line":12,"column":35}},"loc":{"start":{"line":12,"column":40},"end":{"line":14,"column":3}},"line":12}},"branchMap":{},"s":{"0":0,"1":0,"2":0,"3":0,"4":0,"5":0},"f":{"0":0,"1":0,"2":0},"b":{}}
,"/Users/danielcontreras/Documents/Danigithub/conexa-challenge-daniel/src/features/users/components/UserItem/UserItemPresentational.tsx": {"path":"/Users/danielcontreras/Documents/Danigithub/conexa-challenge-daniel/src/features/users/components/UserItem/UserItemPresentational.tsx","statementMap":{"0":{"start":{"line":6,"column":31},"end":{"line":62,"column":2}},"1":{"start":{"line":7,"column":2},"end":{"line":61,"column":4}},"2":{"start":{"line":64,"column":0},"end":{"line":64,"column":62}}},"fnMap":{"0":{"name":"(anonymous_0)","decl":{"start":{"line":6,"column":36},"end":{"line":6,"column":37}},"loc":{"start":{"line":6,"column":98},"end":{"line":62,"column":1}},"line":6}},"branchMap":{},"s":{"0":0,"1":0,"2":0},"f":{"0":0},"b":{}}
,"/Users/danielcontreras/Documents/Danigithub/conexa-challenge-daniel/src/features/users/components/UserItem/types.ts": {"path":"/Users/danielcontreras/Documents/Danigithub/conexa-challenge-daniel/src/features/users/components/UserItem/types.ts","statementMap":{},"fnMap":{},"branchMap":{},"s":{},"f":{},"b":{}}
,"/Users/danielcontreras/Documents/Danigithub/conexa-challenge-daniel/src/features/users/screens/UsersScreen/UsersScreenContainer.tsx": {"path":"/Users/danielcontreras/Documents/Danigithub/conexa-challenge-daniel/src/features/users/screens/UsersScreen/UsersScreenContainer.tsx","statementMap":{"0":{"start":{"line":12,"column":29},"end":{"line":125,"column":1}},"1":{"start":{"line":13,"column":17},"end":{"line":13,"column":36}},"2":{"start":{"line":14,"column":16},"end":{"line":14,"column":25}},"3":{"start":{"line":21,"column":6},"end":{"line":21,"column":16}},"4":{"start":{"line":24,"column":26},"end":{"line":24,"column":87}},"5":{"start":{"line":25,"column":21},"end":{"line":25,"column":54}},"6":{"start":{"line":28,"column":16},"end":{"line":36,"column":3}},"7":{"start":{"line":30,"column":35},"end":{"line":30,"column":67}},"8":{"start":{"line":39,"column":47},"end":{"line":44,"column":3}},"9":{"start":{"line":40,"column":4},"end":{"line":43,"column":6}},"10":{"start":{"line":47,"column":24},"end":{"line":51,"column":4}},"11":{"start":{"line":47,"column":55},"end":{"line":51,"column":3}},"12":{"start":{"line":54,"column":23},"end":{"line":54,"column":57}},"13":{"start":{"line":54,"column":39},"end":{"line":54,"column":57}},"14":{"start":{"line":57,"column":30},"end":{"line":67,"column":3}},"15":{"start":{"line":58,"column":4},"end":{"line":66,"column":13}},"16":{"start":{"line":70,"column":29},"end":{"line":106,"column":3}},"17":{"start":{"line":71,"column":4},"end":{"line":80,"column":5}},"18":{"start":{"line":72,"column":6},"end":{"line":79,"column":8}},"19":{"start":{"line":82,"column":4},"end":{"line":94,"column":5}},"20":{"start":{"line":83,"column":6},"end":{"line":93,"column":8}},"21":{"start":{"line":96,"column":4},"end":{"line":105,"column":6}},"22":{"start":{"line":108,"column":2},"end":{"line":124,"column":4}}},"fnMap":{"0":{"name":"(anonymous_0)","decl":{"start":{"line":12,"column":29},"end":{"line":12,"column":30}},"loc":{"start":{"line":12,"column":35},"end":{"line":125,"column":1}},"line":12},"1":{"name":"(anonymous_1)","decl":{"start":{"line":30,"column":16},"end":{"line":30,"column":17}},"loc":{"start":{"line":30,"column":35},"end":{"line":30,"column":67}},"line":30},"2":{"name":"(anonymous_2)","decl":{"start":{"line":39,"column":47},"end":{"line":39,"column":48}},"loc":{"start":{"line":40,"column":4},"end":{"line":43,"column":6}},"line":40},"3":{"name":"(anonymous_3)","decl":{"start":{"line":47,"column":24},"end":{"line":47,"column":25}},"loc":{"start":{"line":47,"column":55},"end":{"line":51,"column":3}},"line":47},"4":{"name":"(anonymous_4)","decl":{"start":{"line":54,"column":23},"end":{"line":54,"column":24}},"loc":{"start":{"line":54,"column":39},"end":{"line":54,"column":57}},"line":54},"5":{"name":"(anonymous_5)","decl":{"start":{"line":57,"column":30},"end":{"line":57,"column":31}},"loc":{"start":{"line":58,"column":4},"end":{"line":66,"column":13}},"line":58},"6":{"name":"(anonymous_6)","decl":{"start":{"line":70,"column":29},"end":{"line":70,"column":30}},"loc":{"start":{"line":70,"column":35},"end":{"line":106,"column":3}},"line":70}},"branchMap":{"0":{"loc":{"start":{"line":24,"column":26},"end":{"line":24,"column":87}},"type":"cond-expr","locations":[{"start":{"line":24,"column":54},"end":{"line":24,"column":83}},{"start":{"line":24,"column":86},"end":{"line":24,"column":87}}],"line":24},"1":{"loc":{"start":{"line":24,"column":54},"end":{"line":24,"column":83}},"type":"binary-expr","locations":[{"start":{"line":24,"column":54},"end":{"line":24,"column":77}},{"start":{"line":24,"column":81},"end":{"line":24,"column":83}}],"line":24},"2":{"loc":{"start":{"line":71,"column":4},"end":{"line":80,"column":5}},"type":"if","locations":[{"start":{"line":71,"column":4},"end":{"line":80,"column":5}},{"start":{},"end":{}}],"line":71},"3":{"loc":{"start":{"line":82,"column":4},"end":{"line":94,"column":5}},"type":"if","locations":[{"start":{"line":82,"column":4},"end":{"line":94,"column":5}},{"start":{},"end":{}}],"line":82}},"s":{"0":0,"1":0,"2":0,"3":0,"4":0,"5":0,"6":0,"7":0,"8":0,"9":0,"10":0,"11":0,"12":0,"13":0,"14":0,"15":0,"16":0,"17":0,"18":0,"19":0,"20":0,"21":0,"22":0},"f":{"0":0,"1":0,"2":0,"3":0,"4":0,"5":0,"6":0},"b":{"0":[0,0],"1":[0,0],"2":[0,0],"3":[0,0]}}
,"/Users/danielcontreras/Documents/Danigithub/conexa-challenge-daniel/src/features/users/screens/UsersScreen/UsersScreenPresentational.tsx": {"path":"/Users/danielcontreras/Documents/Danigithub/conexa-challenge-daniel/src/features/users/screens/UsersScreen/UsersScreenPresentational.tsx","statementMap":{"0":{"start":{"line":6,"column":34},"end":{"line":48,"column":1}},"1":{"start":{"line":18,"column":2},"end":{"line":47,"column":4}}},"fnMap":{"0":{"name":"(anonymous_0)","decl":{"start":{"line":6,"column":34},"end":{"line":6,"column":35}},"loc":{"start":{"line":16,"column":38},"end":{"line":48,"column":1}},"line":16}},"branchMap":{},"s":{"0":0,"1":0},"f":{"0":0},"b":{}}
,"/Users/danielcontreras/Documents/Danigithub/conexa-challenge-daniel/src/features/users/screens/UsersScreen/types.ts": {"path":"/Users/danielcontreras/Documents/Danigithub/conexa-challenge-daniel/src/features/users/screens/UsersScreen/types.ts","statementMap":{},"fnMap":{},"branchMap":{},"s":{},"f":{},"b":{}}
,"/Users/danielcontreras/Documents/Danigithub/conexa-challenge-daniel/src/hooks/useUsers.ts": {"path":"/Users/danielcontreras/Documents/Danigithub/conexa-challenge-daniel/src/hooks/useUsers.ts","statementMap":{"0":{"start":{"line":13,"column":24},"end":{"line":54,"column":1}},"1":{"start":{"line":14,"column":19},"end":{"line":14,"column":32}},"2":{"start":{"line":21,"column":6},"end":{"line":21,"column":24}},"3":{"start":{"line":23,"column":23},"end":{"line":23,"column":54}},"4":{"start":{"line":25,"column":27},"end":{"line":27,"column":16}},"5":{"start":{"line":26,"column":4},"end":{"line":26,"column":36}},"6":{"start":{"line":29,"column":24},"end":{"line":36,"column":25}},"7":{"start":{"line":30,"column":4},"end":{"line":30,"column":36}},"8":{"start":{"line":31,"column":4},"end":{"line":35,"column":5}},"9":{"start":{"line":32,"column":6},"end":{"line":32,"column":22}},"10":{"start":{"line":34,"column":6},"end":{"line":34,"column":39}},"11":{"start":{"line":39,"column":20},"end":{"line":41,"column":21}},"12":{"start":{"line":39,"column":35},"end":{"line":41,"column":3}},"13":{"start":{"line":43,"column":2},"end":{"line":53,"column":4}}},"fnMap":{"0":{"name":"(anonymous_0)","decl":{"start":{"line":13,"column":24},"end":{"line":13,"column":25}},"loc":{"start":{"line":13,"column":30},"end":{"line":54,"column":1}},"line":13},"1":{"name":"(anonymous_1)","decl":{"start":{"line":25,"column":39},"end":{"line":25,"column":40}},"loc":{"start":{"line":25,"column":55},"end":{"line":27,"column":3}},"line":25},"2":{"name":"(anonymous_2)","decl":{"start":{"line":29,"column":36},"end":{"line":29,"column":37}},"loc":{"start":{"line":29,"column":48},"end":{"line":36,"column":3}},"line":29},"3":{"name":"(anonymous_3)","decl":{"start":{"line":39,"column":28},"end":{"line":39,"column":29}},"loc":{"start":{"line":39,"column":35},"end":{"line":41,"column":3}},"line":39}},"branchMap":{"0":{"loc":{"start":{"line":17,"column":10},"end":{"line":17,"column":20}},"type":"default-arg","locations":[{"start":{"line":17,"column":18},"end":{"line":17,"column":20}}],"line":17}},"s":{"0":0,"1":0,"2":0,"3":0,"4":0,"5":0,"6":0,"7":0,"8":0,"9":0,"10":0,"11":0,"12":0,"13":0},"f":{"0":0,"1":0,"2":0,"3":0},"b":{"0":[0]}}
[...]
onymous_1)","decl":{"start":{"line":10,"column":2},"end":{"line":10,"column":3}},"loc":{"start":{"line":10,"column":18},"end":{"line":10,"column":41}},"line":10},"2":{"name":"(anonymous_2)","decl":{"start":{"line":15,"column":2},"end":{"line":15,"column":3}},"loc":{"start":{"line":15,"column":18},"end":{"line":15,"column":36}},"line":15},"3":{"name":"(anonymous_3)","decl":{"start":{"line":20,"column":2},"end":{"line":20,"column":3}},"loc":{"start":{"line":20,"column":15},"end":{"line":20,"column":33}},"line":20},"4":{"name":"(anonymous_4)","decl":{"start":{"line":25,"column":2},"end":{"line":25,"column":3}},"loc":{"start":{"line":25,"column":15},"end":{"line":25,"column":29}},"line":25},"5":{"name":"(anonymous_5)","decl":{"start":{"line":30,"column":2},"end":{"line":30,"column":3}},"loc":{"start":{"line":30,"column":15},"end":{"line":30,"column":32}},"line":30},"6":{"name":"(anonymous_6)","decl":{"start":{"line":35,"column":2},"end":{"line":35,"column":3}},"loc":{"start":{"line":35,"column":18},"end":{"line":35,"column":31}},"line":35},"7":{"name":"(anonymous_7)","decl":{"start":{"line":40,"column":2},"end":{"line":40,"column":3}},"loc":{"start":{"line":40,"column":10},"end":{"line":40,"column":25}},"line":40},"8":{"name":"(anonymous_8)","decl":{"start":{"line":46,"column":4},"end":{"line":46,"column":5}},"loc":{"start":{"line":46,"column":41},"end":{"line":46,"column":46}},"line":46},"9":{"name":"(anonymous_9)","decl":{"start":{"line":51,"column":2},"end":{"line":51,"column":3}},"loc":{"start":{"line":51,"column":44},"end":{"line":91,"column":3}},"line":51},"10":{"name":"(anonymous_10)","decl":{"start":{"line":57,"column":35},"end":{"line":57,"column":36}},"loc":{"start":{"line":58,"column":8},"end":{"line":60,"column":54}},"line":58},"11":{"name":"(anonymous_11)","decl":{"start":{"line":65,"column":48},"end":{"line":65,"column":49}},"loc":{"start":{"line":65,"column":58},"end":{"line":88,"column":5}},"line":65}},"branchMap":{"0":{"loc":{"start":{"line":55,"column":4},"end":{"line":62,"column":5}},"type":"if","locations":[{"start":{"line":55,"column":4},"end":{"line":62,"column":5}},{"start":{},"end":{}}],"line":55},"1":{"loc":{"start":{"line":58,"column":8},"end":{"line":60,"column":54}},"type":"binary-expr","locations":[{"start":{"line":58,"column":8},"end":{"line":58,"column":73}},{"start":{"line":59,"column":8},"end":{"line":59,"column":47}},{"start":{"line":60,"column":8},"end":{"line":60,"column":54}}],"line":58},"2":{"loc":{"start":{"line":69,"column":6},"end":{"line":84,"column":7}},"type":"switch","locations":[{"start":{"line":70,"column":8},"end":{"line":73,"column":16}},{"start":{"line":74,"column":8},"end":{"line":77,"column":16}},{"start":{"line":78,"column":8},"end":{"line":81,"column":16}},{"start":{"line":82,"column":8},"end":{"line":83,"column":19}}],"line":69},"3":{"loc":{"start":{"line":87,"column":13},"end":{"line":87,"column":59}},"type":"cond-expr","locations":[{"start":{"line":87,"column":35},"end":{"line":87,"column":45}},{"start":{"line":87,"column":48},"end":{"line":87,"column":59}}],"line":87}},"s":{"0":0,"1":0,"2":0,"3":0,"4":0,"5":0,"6":0,"7":0,"8":0,"9":0,"10":0,"11":0,"12":0,"13":0,"14":0,"15":0,"16":0,"17":0,"18":0,"19":0,"20":0,"21":0,"22":0,"23":0,"24":0,"25":0,"26":0,"27":0,"28":0,"29":0,"30":0,"31":0,"32":0,"33":0,"34":0,"35":0,"36":0,"37":0},"f":{"0":0,"1":0,"2":0,"3":0,"4":0,"5":0,"6":0,"7":0,"8":0,"9":0,"10":0,"11":0},"b":{"0":[0,0],"1":[0,0,0],"2":[0,0,0,0],"3":[0,0]}}
,"/Users/danielcontreras/Documents/Danigithub/conexa-challenge-daniel/src/store/slices/authSlice.ts": {"path":"/Users/danielcontreras/Documents/Danigithub/conexa-challenge-daniel/src/store/slices/authSlice.ts","statementMap":{"0":{"start":{"line":11,"column":29},"end":{"line":11,"column":45}},"1":{"start":{"line":13,"column":32},"end":{"line":17,"column":1}},"2":{"start":{"line":19,"column":18},"end":{"line":33,"column":2}},"3":{"start":{"line":24,"column":6},"end":{"line":24,"column":39}},"4":{"start":{"line":27,"column":6},"end":{"line":27,"column":39}},"5":{"start":{"line":30,"column":6},"end":{"line":30,"column":46}},"6":{"start":{"line":36,"column":39},"end":{"line":52,"column":1}},"7":{"start":{"line":36,"column":45},"end":{"line":52,"column":1}},"8":{"start":{"line":37,"column":2},"end":{"line":51,"column":3}},"9":{"start":{"line":38,"column":26},"end":{"line":38,"column":74}},"10":{"start":{"line":39,"column":4},"end":{"line":48,"column":5}},"11":{"start":{"line":41,"column":6},"end":{"line":41,"column":73}},"12":{"start":{"line":44,"column":19},"end":{"line":44,"column":54}},"13":{"start":{"line":45,"column":6},"end":{"line":47,"column":7}},"14":{"start":{"line":46,"column":8},"end":{"line":46,"column":49}},"15":{"start":{"line":55,"column":37},"end":{"line":61,"column":1}},"16":{"start":{"line":55,"column":71},"end":{"line":61,"column":1}},"17":{"start":{"line":56,"column":2},"end":{"line":60,"column":3}},"18":{"start":{"line":57,"column":4},"end":{"line":57,"column":63}},"19":{"start":{"line":64,"column":38},"end":{"line":71,"column":1}},"20":{"start":{"line":64,"column":72},"end":{"line":71,"column":1}},"21":{"start":{"line":65,"column":2},"end":{"line":70,"column":3}},"22":{"start":{"line":66,"column":4},"end":{"line":66,"column":44}},"23":{"start":{"line":67,"column":4},"end":{"line":67,"column":63}},"24":{"start":{"line":73,"column":65},"end":{"line":73,"column":82}}},"fnMap":{"0":{"name":"(anonymous_0)","decl":{"start":{"line":23,"column":16},"end":{"line":23,"column":17}},"loc":{"start":{"line":23,"column":59},"end":{"line":25,"column":5}},"line":23},"1":{"name":"(anonymous_1)","decl":{"start":{"line":26,"column":18},"end":{"line":26,"column":19}},"loc":{"start":{"line":26,"column":67},"end":{"line":28,"column":5}},"line":26},"2":{"name":"(anonymous_2)","decl":{"start":{"line":29,"column":25},"end":{"line":29,"column":26}},"loc":{"start":{"line":29,"column":79},"end":{"line":31,"column":5}},"line":29},"3":{"name":"(anonymous_3)","decl":{"start":{"line":36,"column":39},"end":{"line":36,"column":40}},"loc":{"start":{"line":36,"column":45},"end":{"line":52,"column":1}},"line":36},"4":{"name":"(anonymous_4)","decl":{"start":{"line":36,"column":45},"end":{"line":36,"column":46}},"loc":{"start":{"line":36,"column":70},"end":{"line":52,"column":1}},"line":36},"5":{"name":"(anonymous_5)","decl":{"start":{"line":55,"column":37},"end":{"line":55,"column":38}},"loc":{"start":{"line":55,"column":71},"end":{"line":61,"column":1}},"line":55},"6":{"name":"(anonymous_6)","decl":{"start":{"line":55,"column":71},"end":{"line":55,"column":72}},"loc":{"start":{"line":55,"column":96},"end":{"line":61,"column":1}},"line":55},"7":{"name":"(anonymous_7)","decl":{"start":{"line":64,"column":38},"end":{"line":64,"column":39}},"loc":{"start":{"line":64,"column":72},"end":{"line":71,"column":1}},"line":64},"8":{"name":"(anonymous_8)","decl":{"start":{"line":64,"column":72},"end":{"line":64,"column":73}},"loc":{"start":{"line":64,"column":97},"end":{"line":71,"column":1}},"line":64}},"branchMap":{"0":{"loc":{"start":{"line":39,"column":4},"end":{"line":48,"column":5}},"type":"if","locations":[{"start":{"line":39,"column":4},"end":{"line":48,"column":5}},{"start":{},"end":{}}],"line":39},"1":{"loc":{"start":{"line":39,"column":8},"end":{"line":39,"column":75}},"type":"binary-expr","locations":[{"start":{"line":39,"column":8},"end":{"line":39,"column":21}},{"start":{"line":39,"column":26},"end":{"line":39,"column":48}},{"start":{"line":39,"column":52},"end":{"line":39,"column":74}}],"line":39},"2":{"loc":{"start":{"line":45,"column":6},"end":{"line":47,"column":7}},"type":"if","locations":[{"start":{"line":45,"column":6},"end":{"line":47,"column":7}},{"start":{},"end":{}}],"line":45}},"s":{"0":2,"1":2,"2":2,"3":9,"4":10,"5":9,"6":2,"7":5,"8":5,"9":5,"10":4,"11":2,"12":2,"13":2,"14":1,"15":2,"16":3,"17":3,"18":3,"19":2,"20":3,"21":3,"22":3,"23":3,"24":2},"f":{"0":9,"1":10,"2":9,"3":5,"4":5,"5":3,"6":3,"7":3,"8":3},"b":{"0":[2,2],"1":[4,3,2],"2":[1,1]},"_coverageSchema":"1a1c01bbd47fc00a2c39e90264f33305004495a9","hash":"47dbc04a6fc374b105fe8765b5f1d8acca40de61"}
,"/Users/danielcontreras/Documents/Danigithub/conexa-challenge-daniel/src/store/slices/postsSlice.ts": {"path":"/Users/danielcontreras/Documents/Danigithub/conexa-challenge-daniel/src/store/slices/postsSlice.ts","statementMap":{"0":{"start":{"line":13,"column":33},"end":{"line":19,"column":1}},"1":{"start":{"line":21,"column":30},"end":{"line":21,"column":48}},"2":{"start":{"line":23,"column":19},"end":{"line":61,"column":2}},"3":{"start":{"line":28,"column":6},"end":{"line":28,"column":35}},"4":{"start":{"line":29,"column":6},"end":{"line":29,"column":75}},"5":{"start":{"line":33,"column":6},"end":{"line":33,"column":41}},"6":{"start":{"line":34,"column":6},"end":{"line":34,"column":69}},"7":{"start":{"line":38,"column":6},"end":{"line":38,"column":41}},"8":{"start":{"line":42,"column":21},"end":{"line":42,"column":35}},"9":{"start":{"line":43,"column":34},"end":{"line":43,"column":68}},"10":{"start":{"line":45,"column":6},"end":{"line":49,"column":7}},"11":{"start":{"line":46,"column":8},"end":{"line":46,"column":74}},"12":{"start":{"line":46,"column":59},"end":{"line":46,"column":72}},"13":{"start":{"line":48,"column":8},"end":{"line":48,"column":59}},"14":{"start":{"line":53,"column":6},"end":{"line":53,"column":48}},"15":{"start":{"line":57,"column":6},"end":{"line":57,"column":29}},"16":{"start":{"line":58,"column":6},"end":{"line":58,"column":40}},"17":{"start":{"line":63,"column":20},"end":{"line":73,"column":1}},"18":{"start":{"line":64,"column":2},"end":{"line":66,"column":3}},"19":{"start":{"line":65,"column":4},"end":{"line":65,"column":17}},"20":{"start":{"line":68,"column":26},"end":{"line":68,"column":52}},"21":{"start":{"line":69,"column":2},"end":{"line":72,"column":4}},"22":{"start":{"line":70,"column":4},"end":{"line":71,"column":56}},"23":{"start":{"line":75,"column":29},"end":{"line":98,"column":1}},"24":{"start":{"line":75,"column":35},"end":{"line":98,"column":1}},"25":{"start":{"line":76,"column":2},"end":{"line":97,"column":3}},"26":{"start":{"line":77,"column":25},"end":{"line":77,"column":35}},"27":{"start":{"line":80,"column":4},"end":{"line":82,"column":5}},"28":{"start":{"line":81,"column":6},"end":{"line":81,"column":13}},"29":{"start":{"line":85,"column":4},"end":{"line":87,"column":5}},"30":{"start":{"line":86,"column":6},"end":{"line":86,"column":13}},"31":{"start":{"line":89,"column":4},"end":{"line":89,"column":40}},"32":{"start":{"line":90,"column":28},"end":{"line":90,"column":77}},"33":{"start":{"line":91,"column":24},"end":{"line":91,"column":74}},"34":{"start":{"line":92,"column":4},"end":{"line":92,"column":42}},"35":{"start":{"line":94,"column":4},"end":{"line":94,"column":33}},"36":{"start":{"line":96,"column":4},"end":{"line":96,"column":41}},"37":{"start":{"line":100,"column":29},"end":{"line":106,"column":1}},"38":{"start":{"line":100,"column":56},"end":{"line":106,"column":1}},"39":{"start":{"line":101,"column":2},"end":{"line":105,"column":3}},"40":{"start":{"line":102,"column":4},"end":{"line":102,"column":83}},"41":{"start":{"line":108,"column":45},"end":{"line":112,"column":1}},"42":{"start":{"line":108,"column":65},"end":{"line":112,"column":1}},"43":{"start":{"line":109,"column":2},"end":{"line":109,"column":35}},"44":{"start":{"line":110,"column":20},"end":{"line":110,"column":30}},"45":{"start":{"line":111,"column":2},"end":{"line":111,"column":51}},"46":{"start":{"line":121,"column":4},"end":{"line":121,"column":22}}},"fnMap":{"0":{"name":"(anonymous_0)","decl":{"start":{"line":27,"column":14},"end":{"line":27,"column":15}},"loc":{"start":{"line":27,"column":71},"end":{"line":30,"column":5}},"line":27},"1":{"name":"(anonymous_1)","decl":{"start":{"line":32,"column":20},"end":{"line":32,"column":21}},"loc":{"start":{"line":32,"column":62},"end":{"line":35,"column":5}},"line":32},"2":{"name":"(anonymous_2)","decl":{"start":{"line":37,"column":20},"end":{"line":37,"column":21}},"loc":{"start":{"line":37,"column":64},"end":{"line":39,"column":5}},"line":37},"3":{"name":"(anonymous_3)","decl":{"start":{"line":41,"column":20},"end":{"line":41,"column":21}},"loc":{"start":{"line":41,"column":62},"end":{"line":50,"column":5}},"line":41},"4":{"name":"(anonymous_4)","decl":{"start":{"line":46,"column":53},"end":{"line":46,"column":54}},"loc":{"start":{"line":46,"column":59},"end":{"line":46,"column":72}},"line":46},"5":{"name":"(anonymous_5)","decl":{"start":{"line":52,"column":25},"end":{"line":52,"column":26}},"loc":{"start":{"line":52,"column":68},"end":{"line":54,"column":5}},"line":52},"6":{"name":"(anonymous_6)","decl":{"start":{"line":56,"column":17},"end":{"line":56,"column":18}},"loc":{"start":{"line":56,"column":28},"end":{"line":59,"column":5}},"line":56},"7":{"name":"(anonymous_7)","decl":{"start":{"line":63,"column":20},"end":{"line":63,"column":21}},"loc":{"start":{"line":63,"column":92},"end":{"line":73,"column":1}},"line":63},"8":{"name":"(anonymous_8)","decl":{"start":{"line":69,"column":22},"end":{"line":69,"column":23}},"loc":{"start":{"line":70,"column":4},"end":{"line":71,"column":56}},"line":70},"9":{"name":"(anonymous_9)","decl":{"start":{"line":75,"column":29},"end":{"line":75,"column":30}},"loc":{"start":{"line":75,"column":35},"end":{"line":98,"column":1}},"line":75},"10":{"name":"(anonymous_10)","decl":{"start":{"line":75,"column":35},"end":{"line":75,"column":36}},"loc":{"start":{"line":75,"column":75},"end":{"line":98,"column":1}},"line":75},"11":{"name":"(anonymous_11)","decl":{"start":{"line":100,"column":29},"end":{"line":100,"column":30}},"loc":{"start":{"line":100,"column":56},"end":{"line":106,"column":1}},"line":100},"12":{"name":"(anonymous_12)","decl":{"start":{"line":100,"column":56},"end":{"line":100,"column":57}},"loc":{"start":{"line":100,"column":68},"end":{"line":106,"column":1}},"line":100},"13":{"name":"(anonymous_13)","decl":{"start":{"line":108,"column":45},"end":{"line":108,"column":46}},"loc":{"start":{"line":108,"column":65},"end":{"line":112,"column":1}},"line":108},"14":{"name":"(anonymous_14)","decl":{"start":{"line":108,"column":65},"end":{"line":108,"column":66}},"loc":{"start":{"line":108,"column":105},"end":{"line":112,"column":1}},"line":108}},"branchMap":{"0":{"loc":{"start":{"line":45,"column":6},"end":{"line":49,"column":7}},"type":"if","locations":[{"start":{"line":45,"column":6},"end":{"line":49,"column":7}},{"start":{"line":47,"column":13},"end":{"line":49,"column":7}}],"line":45},"1":{"loc":{"start":{"line":64,"column":2},"end":{"line":66,"column":3}},"type":"if","locations":[{"start":{"line":64,"column":2},"end":{"line":66,"column":3}},{"start":{},"end":{}}],"line":64},"2":{"loc":{"start":{"line":70,"column":4},"end":{"line":71,"column":56}},"type":"binary-expr","locations":[{"start":{"line":70,"column":4},"end":{"line":70,"column":54}},{"start":{"line":71,"column":4},"end":{"line":71,"column":56}}],"line":70},"3":{"loc":{"start":{"line":80,"column":4},"end":{"line":82,"column":5}},"type":"if","locations":[{"start":{"line":80,"column":4},"end":{"line":82,"column":5}},{"start":{},"end":{}}],"line":80},"4":{"loc":{"start":{"line":85,"column":4},"end":{"line":87,"column":5}},"type":"if","locations":[{"start":{"line":85,"column":4},"end":{"line":87,"column":5}},{"start":{},"end":{}}],"line":85},"5":{"loc":{"start":{"line":91,"column":24},"end":{"line":91,"column":74}},"type":"cond-expr","locations":[{"start":{"line":91,"column":42},"end":{"line":91,"column":69}},{"start":{"line":91,"column":72},"end":{"line":91,"column":74}}],"line":91}},"s":{"0":2,"1":2,"2":2,"3":13,"4":13,"5":13,"6":13,"7":11,"8":11,"9":11,"10":11,"11":3,"12":6,"13":8,"14":14,"15":1,"16":1,"17":2,"18":26,"19":14,"20":12,"21":12,"22":31,"23":2,"24":7,"25":6,"26":6,"27":6,"28":1,"29":5,"30":1,"31":4,"32":4,"33":3,"34":3,"35":1,"36":6,"37":2,"38":5,"39":5,"40":5,"41":2,"42":5,"43":3,"44":3,"45":3,"46":2},"f":{"0":13,"1":13,"2":11,"3":11,"4":6,"5":14,"6":1,"7":26,"8":31,"9":7,"10":6,"11":5,"12":5,"13":5,"14":3},"b":{"0":[3,8],"1":[14,12],"2":[31,22],"3":[1,5],"4":[1,4],"5":[2,1]},"_coverageSchema":"1a1c01bbd47fc00a2c39e90264f33305004495a9","hash":"cd877014f8e54e6c13a026464071f9f1d2622fb2"}
,"/Users/danielcontreras/Documents/Danigithub/conexa-challenge-daniel/src/store/slices/usersSlice.ts": {"path":"/Users/danielcontreras/Documents/Danigithub/conexa-challenge-daniel/src/store/slices/usersSlice.ts","statementMap":{"0":{"start":{"line":16,"column":33},"end":{"line":26,"column":1}},"1":{"start":{"line":28,"column":19},"end":{"line":51,"column":2}},"2":{"start":{"line":33,"column":6},"end":{"line":33,"column":42}},"3":{"start":{"line":36,"column":6},"end":{"line":36,"column":48}},"4":{"start":{"line":39,"column":6},"end":{"line":39,"column":44}},"5":{"start":{"line":42,"column":6},"end":{"line":42,"column":47}},"6":{"start":{"line":45,"column":6},"end":{"line":45,"column":45}},"7":{"start":{"line":48,"column":6},"end":{"line":48,"column":43}},"8":{"start":{"line":60,"column":4},"end":{"line":60,"column":22}}},"fnMap":{"0":{"name":"(anonymous_0)","decl":{"start":{"line":32,"column":21},"end":{"line":32,"column":22}},"loc":{"start":{"line":32,"column":68},"end":{"line":34,"column":5}},"line":32},"1":{"name":"(anonymous_1)","decl":{"start":{"line":35,"column":19},"end":{"line":35,"column":20}},"loc":{"start":{"line":35,"column":61},"end":{"line":37,"column":5}},"line":35},"2":{"name":"(anonymous_2)","decl":{"start":{"line":38,"column":15},"end":{"line":38,"column":16}},"loc":{"start":{"line":38,"column":79},"end":{"line":40,"column":5}},"line":38},"3":{"name":"(anonymous_3)","decl":{"start":{"line":41,"column":18},"end":{"line":41,"column":19}},"loc":{"start":{"line":41,"column":68},"end":{"line":43,"column":5}},"line":41},"4":{"name":"(anonymous_4)","decl":{"start":{"line":44,"column":21},"end":{"line":44,"column":22}},"loc":{"start":{"line":44,"column":64},"end":{"line":46,"column":5}},"line":44},"5":{"name":"(anonymous_5)","decl":{"start":{"line":47,"column":18},"end":{"line":47,"column":19}},"loc":{"start":{"line":47,"column":29},"end":{"line":49,"column":5}},"line":47}},"branchMap":{},"s":{"0":1,"1":1,"2":12,"3":15,"4":16,"5":10,"6":10,"7":4,"8":1},"f":{"0":12,"1":15,"2":16,"3":10,"4":10,"5":4},"b":{},"_coverageSchema":"1a1c01bbd47fc00a2c39e90264f33305004495a9","hash":"fbcbefc43deac24e0548745d8034e340002dc711"}
,"/Users/danielcontreras/Documents/Danigithub/conexa-challenge-daniel/src/utils/dataTransformers.ts": {"path":"/Users/danielcontreras/Documents/Danigithub/conexa-challenge-daniel/src/utils/dataTransformers.ts","statementMap":{"0":{"start":{"line":4,"column":39},"end":{"line":14,"column":1}},"1":{"start":{"line":5,"column":2},"end":{"line":13,"column":4}},"2":{"start":{"line":16,"column":40},"end":{"line":18,"column":1}},"3":{"start":{"line":17,"column":2},"end":{"line":17,"column":44}}},"fnMap":{"0":{"name":"(anonymous_0)","decl":{"start":{"line":4,"column":39},"end":{"line":4,"column":40}},"loc":{"start":{"line":4,"column":80},"end":{"line":14,"column":1}},"line":4},"1":{"name":"(anonymous_1)","decl":{"start":{"line":16,"column":40},"end":{"line":16,"column":41}},"loc":{"start":{"line":16,"column":86},"end":{"line":18,"column":1}},"line":16}},"branchMap":{"0":{"loc":{"start":{"line":9,"column":14},"end":{"line":9,"column":129}},"type":"binary-expr","locations":[{"start":{"line":9,"column":14},"end":{"line":9,"column":24}},{"start":{"line":9,"column":28},"end":{"line":9,"column":42}},{"start":{"line":9,"column":46},"end":{"line":9,"column":129}}],"line":9},"1":{"loc":{"start":{"line":12,"column":14},"end":{"line":12,"column":40}},"type":"binary-expr","locations":[{"start":{"line":12,"column":14},"end":{"line":12,"column":27}},{"start":{"line":12,"column":31},"end":{"line":12,"column":40}}],"line":12}},"s":{"0":1,"1":6,"2":1,"3":2},"f":{"0":6,"1":2},"b":{"0":[6,2,1],"1":[6,1]},"_coverageSchema":"1a1c01bbd47fc00a2c39e90264f33305004495a9","hash":"24ccb86eb100dba53f6bcdd1962dbb43fa6ad82a"}
}
