TN:
SF:src/components/Button/ButtonContainer.tsx
FN:5,(anonymous_0)
FN:15,(anonymous_1)
FN:53,(anonymous_2)
FN:69,(anonymous_3)
FN:87,(anonymous_4)
FNF:5
FNH:5
FNDA:15,(anonymous_0)
FNDA:15,(anonymous_1)
FNDA:15,(anonymous_2)
FNDA:3,(anonymous_3)
FNDA:2,(anonymous_4)
DA:5,1
DA:15,15
DA:16,15
DA:18,12
DA:25,1
DA:32,1
DA:39,1
DA:46,0
DA:53,15
DA:54,15
DA:56,1
DA:58,13
DA:60,1
DA:62,0
DA:66,15
DA:67,15
DA:69,15
DA:70,3
DA:71,1
DA:75,15
DA:87,2
LF:21
LH:19
BRDA:8,0,0,14
BRDA:9,1,0,12
BRDA:10,2,0,13
BRDA:11,3,0,13
BRDA:12,4,0,13
BRDA:16,5,0,12
BRDA:16,5,1,1
BRDA:16,5,2,1
BRDA:16,5,3,1
BRDA:16,5,4,0
BRDA:54,6,0,1
BRDA:54,6,1,13
BRDA:54,6,2,1
BRDA:54,6,3,0
BRDA:70,7,0,1
BRDA:70,7,1,2
BRDA:70,8,0,3
BRDA:70,8,1,2
BRDA:70,8,2,1
BRDA:78,9,0,15
BRDA:78,9,1,14
BRDA:79,10,0,1
BRDA:79,10,1,14
BRDA:87,11,0,2
BRDA:87,11,1,13
BRF:25
BRH:23
end_of_record
TN:
SF:src/components/Button/ButtonPresentational.tsx
FN:4,(anonymous_0)
FNF:1
FNH:1
FNDA:19,(anonymous_0)
DA:4,1
DA:10,19
LF:2
LH:2
BRF:0
BRH:0
end_of_record
TN:
SF:src/components/Button/types.ts
FNF:0
FNH:0
LF:0
LH:0
BRF:0
BRH:0
end_of_record
TN:
SF:src/components/FavoritesCounter/FavoritesCounterContainer.tsx
FN:7,(anonymous_0)
FN:18,(anonymous_1)
FN:22,(anonymous_2)
FNF:3
FNH:3
FNDA:8,(anonymous_0)
FNDA:6,(anonymous_1)
FNDA:2,(anonymous_2)
DA:7,1
DA:11,8
DA:12,8
DA:15,8
DA:18,8
DA:19,6
DA:22,8
DA:23,2
DA:27,8
DA:28,2
DA:31,6
LF:11
LH:11
BRDA:9,0,0,6
BRDA:15,1,0,8
BRDA:15,1,1,3
BRDA:27,2,0,2
BRDA:27,2,1,6
BRF:5
BRH:5
end_of_record
TN:
SF:src/components/FavoritesCounter/FavoritesCounterPresentational.tsx
FN:6,(anonymous_0)
FNF:1
FNH:1
FNDA:14,(anonymous_0)
DA:6,1
DA:10,14
LF:2
LH:2
BRF:0
BRH:0
end_of_record
TN:
SF:src/components/FavoritesCounter/types.ts
FNF:0
FNH:0
LF:0
LH:0
BRF:0
BRH:0
end_of_record
TN:
SF:src/components/SearchBar/SearchBarContainer.tsx
FN:7,(anonymous_0)
FN:21,(anonymous_1)
FN:26,(anonymous_2)
FNF:3
FNH:3
FNDA:9,(anonymous_0)
FNDA:2,(anonymous_1)
FNDA:2,(anonymous_2)
DA:7,1
DA:12,9
DA:13,9
DA:16,9
DA:19,9
DA:21,9
DA:22,2
DA:23,2
DA:26,9
DA:27,2
DA:28,2
DA:31,9
LF:12
LH:12
BRDA:16,0,0,9
BRDA:16,0,1,8
BRF:2
BRH:2
end_of_record
TN:
SF:src/components/SearchBar/SearchBarPresentational.tsx
FN:6,(anonymous_0)
FNF:1
FNH:1
FNDA:21,(anonymous_0)
DA:6,1
DA:13,21
LF:2
LH:2
BRDA:38,0,0,21
BRDA:38,0,1,8
BRF:2
BRH:2
end_of_record
TN:
SF:src/components/SearchBar/types.ts
FNF:0
FNH:0
LF:0
LH:0
BRF:0
BRH:0
end_of_record
TN:
SF:src/features/auth/screens/LoginScreen/LoginScreenContainer.tsx
FN:8,(anonymous_0)
FN:17,(anonymous_1)
FN:27,(anonymous_2)
FN:37,(anonymous_3)
FNF:4
FNH:4
FNDA:102,(anonymous_0)
FNDA:17,(anonymous_1)
FNDA:3,(anonymous_2)
FNDA:4,(anonymous_3)
DA:8,1
DA:9,102
DA:10,102
DA:11,102
DA:12,102
DA:13,102
DA:14,102
DA:15,102
DA:17,102
DA:18,17
DA:20,17
DA:21,8
DA:22,8
DA:25,9
DA:27,9
DA:28,3
DA:29,2
DA:31,1
DA:33,3
DA:37,102
DA:38,4
DA:42,102
DA:50,102
LF:23
LH:23
BRDA:20,0,0,8
BRDA:20,0,1,9
BRDA:20,1,0,17
BRDA:20,1,1,11
BRDA:28,2,0,2
BRDA:28,2,1,1
BRDA:28,3,0,3
BRDA:28,3,1,2
BRF:8
BRH:8
end_of_record
TN:
SF:src/features/auth/screens/LoginScreen/LoginScreenPresentational.tsx
FN:6,(anonymous_0)
FN:115,(anonymous_1)
FNF:2
FNH:1
FNDA:102,(anonymous_0)
FNDA:0,(anonymous_1)
DA:6,1
DA:19,102
DA:115,0
LF:3
LH:2
BRDA:72,0,0,2
BRDA:72,0,1,100
BRDA:87,1,0,102
BRDA:87,1,1,12
BRDA:115,2,0,11
BRDA:115,2,1,91
BRF:6
BRH:6
end_of_record
TN:
SF:src/features/auth/screens/LoginScreen/types.ts
FNF:0
FNH:0
LF:0
LH:0
BRF:0
BRH:0
end_of_record
TN:
SF:src/features/favorites/screens/FavoritesScreen/FavoritesScreenContainer.tsx
FN:13,(anonymous_0)
FN:24,(anonymous_1)
FN:32,(anonymous_2)
FN:36,(anonymous_3)
FN:43,(anonymous_4)
FN:59,(anonymous_5)
FNF:6
FNH:0
FNDA:0,(anonymous_0)
FNDA:0,(anonymous_1)
FNDA:0,(anonymous_2)
FNDA:0,(anonymous_3)
FNDA:0,(anonymous_4)
FNDA:0,(anonymous_5)
DA:13,1
DA:14,0
DA:15,0
DA:16,0
DA:18,0
DA:19,0
DA:21,0
DA:22,0
DA:24,0
DA:25,0
DA:26,0
DA:27,0
DA:29,0
DA:32,0
DA:33,0
DA:36,0
DA:37,0
DA:40,0
DA:41,0
DA:43,0
DA:44,0
DA:45,0
DA:46,0
DA:49,0
DA:50,0
DA:51,0
DA:53,0
DA:59,0
DA:62,0
LF:29
LH:1
BRDA:25,0,0,0
BRDA:25,0,1,0
BRDA:25,1,0,0
BRDA:25,1,1,0
BRDA:40,2,0,0
BRDA:40,2,1,0
BRDA:40,3,0,0
BRDA:40,3,1,0
BRDA:41,4,0,0
BRDA:41,4,1,0
BRDA:44,5,0,0
BRDA:44,5,1,0
BRDA:45,6,0,0
BRDA:45,6,1,0
BRDA:50,7,0,0
BRDA:50,7,1,0
BRF:16
BRH:0
end_of_record
TN:
SF:src/features/favorites/screens/FavoritesScreen/FavoritesScreenPresentational.tsx
FN:9,(anonymous_0)
FN:22,(anonymous_1)
FN:30,(anonymous_2)
FN:106,(anonymous_3)
FN:113,(anonymous_4)
FNF:5
FNH:1
FNDA:31,(anonymous_0)
FNDA:0,(anonymous_1)
FNDA:0,(anonymous_2)
FNDA:0,(anonymous_3)
FNDA:0,(anonymous_4)
DA:9,2
DA:22,31
DA:23,0
DA:30,31
DA:31,0
DA:32,0
DA:45,0
DA:58,31
DA:106,0
DA:113,0
LF:10
LH:4
BRDA:31,0,0,0
BRDA:31,0,1,0
BRDA:97,1,0,3
BRDA:97,1,1,28
BRF:4
BRH:2
end_of_record
TN:
SF:src/features/favorites/screens/FavoritesScreen/types.ts
FNF:0
FNH:0
LF:0
LH:0
BRF:0
BRH:0
end_of_record
TN:
SF:src/features/home/components/NewsCard/NewsCardContainer.tsx
FN:6,(anonymous_0)
FN:9,(anonymous_1)
FN:31,(anonymous_2)
FN:37,(anonymous_3)
FNF:4
FNH:4
FNDA:6,(anonymous_0)
FNDA:6,(anonymous_1)
FNDA:2,(anonymous_2)
FNDA:1,(anonymous_3)
DA:6,1
DA:7,6
DA:9,6
DA:10,6
DA:12,6
DA:13,6
DA:14,6
DA:15,6
DA:17,6
DA:18,1
DA:21,5
DA:27,0
DA:31,6
DA:32,2
DA:33,1
DA:37,6
DA:38,1
DA:41,6
LF:18
LH:17
BRDA:17,0,0,1
BRDA:17,0,1,5
BRDA:32,1,0,1
BRDA:32,1,1,1
BRF:4
BRH:4
end_of_record
TN:
SF:src/features/home/components/NewsCard/NewsCardPresentational.tsx
FN:7,(anonymous_0)
FN:55,(anonymous_1)
FNF:2
FNH:1
FNDA:11,(anonymous_0)
FNDA:0,(anonymous_1)
DA:7,2
DA:14,11
DA:56,0
DA:57,0
LF:4
LH:2
BRDA:11,0,0,8
BRDA:53,1,0,11
BRDA:53,1,1,3
BRDA:63,2,0,1
BRDA:63,2,1,2
BRDA:64,3,0,1
BRDA:64,3,1,2
BRF:7
BRH:7
end_of_record
TN:
SF:src/features/home/components/NewsCard/types.ts
FNF:0
FNH:0
LF:0
LH:0
BRF:0
BRH:0
end_of_record
TN:
SF:src/features/home/hooks/usePosts.ts
FN:23,(anonymous_0)
FN:31,(anonymous_1)
FN:37,(anonymous_2)
FN:41,(anonymous_3)
FN:56,(anonymous_4)
FN:59,(anonymous_5)
FN:66,(anonymous_6)
FN:71,(anonymous_7)
FN:78,(anonymous_8)
FN:90,(anonymous_9)
FN:91,(anonymous_10)
FN:94,(anonymous_11)
FNF:12
FNH:11
FNDA:5,(anonymous_0)
FNDA:5,(anonymous_1)
FNDA:1,(anonymous_2)
FNDA:1,(anonymous_3)
FNDA:1,(anonymous_4)
FNDA:1,(anonymous_5)
FNDA:1,(anonymous_6)
FNDA:4,(anonymous_7)
FNDA:2,(anonymous_8)
FNDA:2,(anonymous_9)
FNDA:0,(anonymous_10)
FNDA:1,(anonymous_11)
DA:23,1
DA:24,5
DA:25,5
DA:27,5
DA:28,5
DA:31,5
DA:32,5
DA:33,4
DA:37,5
DA:38,1
DA:41,5
DA:42,1
DA:45,5
DA:56,1
DA:57,1
DA:59,1
DA:61,1
DA:66,1
DA:67,1
DA:68,1
DA:71,1
DA:72,4
DA:74,4
DA:75,4
DA:76,4
DA:78,4
DA:79,2
DA:82,4
DA:90,1
DA:91,2
DA:92,2
DA:94,2
DA:95,1
DA:98,2
LF:34
LH:34
BRDA:32,0,0,4
BRDA:32,0,1,1
BRF:2
BRH:2
end_of_record
TN:
SF:src/features/home/screens/HomeScreen/HomeScreenContainer.tsx
FN:12,(anonymous_0)
FN:18,(anonymous_1)
FN:27,(anonymous_2)
FN:35,(anonymous_3)
FN:57,(anonymous_4)
FNF:5
FNH:5
FNDA:35,(anonymous_0)
FNDA:6,(anonymous_1)
FNDA:1,(anonymous_2)
FNDA:35,(anonymous_3)
FNDA:33,(anonymous_4)
DA:12,1
DA:13,35
DA:14,35
DA:15,35
DA:16,35
DA:18,35
DA:20,6
DA:21,6
DA:23,0
DA:27,35
DA:28,1
DA:32,35
DA:33,35
DA:35,35
DA:36,35
DA:37,0
DA:38,0
DA:41,35
DA:48,35
DA:57,35
DA:58,33
DA:61,35
DA:65,35
DA:76,35
LF:24
LH:21
BRDA:32,0,0,0
BRDA:32,0,1,35
BRDA:32,1,0,0
BRDA:32,1,1,0
BRDA:33,2,0,35
BRDA:33,2,1,0
BRDA:36,3,0,35
BRDA:36,3,1,0
BRDA:37,4,0,0
BRDA:37,4,1,0
BRDA:43,5,0,0
BRDA:43,5,1,35
BRDA:58,6,0,33
BRDA:58,6,1,0
BRDA:61,7,0,7
BRDA:61,7,1,28
BRF:16
BRH:7
end_of_record
TN:
SF:src/features/home/screens/HomeScreen/HomeScreenPresentational.tsx
FN:10,(anonymous_0)
FN:21,(anonymous_1)
FN:29,(anonymous_2)
FN:104,(anonymous_3)
FN:111,(anonymous_4)
FNF:5
FNH:5
FNDA:35,(anonymous_0)
FNDA:35,(anonymous_1)
FNDA:10,(anonymous_2)
FNDA:61,(anonymous_3)
FNDA:11,(anonymous_4)
DA:10,1
DA:21,35
DA:22,35
DA:29,35
DA:30,10
DA:31,3
DA:41,7
DA:42,2
DA:54,5
DA:55,5
DA:67,0
DA:70,35
DA:104,61
DA:111,11
LF:14
LH:13
BRDA:15,0,0,0
BRDA:16,1,0,0
BRDA:30,2,0,3
BRDA:30,2,1,7
BRDA:41,3,0,2
BRDA:41,3,1,5
BRDA:54,4,0,5
BRDA:54,4,1,0
BRF:8
BRH:5
end_of_record
TN:
SF:src/features/home/screens/HomeScreen/types.ts
FNF:0
FNH:0
LF:0
LH:0
BRF:0
BRH:0
end_of_record
TN:
SF:src/features/news-detail/screens/NewsDetailScreen/NewsDetailScreenContainer.tsx
FN:11,(anonymous_0)
FN:20,(anonymous_1)
FN:43,(anonymous_2)
FN:47,(anonymous_3)
FNF:4
FNH:2
FNDA:2,(anonymous_0)
FNDA:2,(anonymous_1)
FNDA:0,(anonymous_2)
FNDA:0,(anonymous_3)
DA:11,1
DA:12,2
DA:13,2
DA:14,2
DA:16,2
DA:17,2
DA:20,2
DA:21,2
DA:22,2
DA:23,2
DA:24,2
DA:25,2
DA:27,2
DA:28,0
DA:31,2
DA:39,0
DA:43,2
DA:44,0
DA:47,2
DA:48,0
DA:51,2
DA:52,2
DA:54,2
DA:55,2
DA:57,2
LF:25
LH:21
BRDA:27,0,0,0
BRDA:27,0,1,2
BRDA:51,1,0,2
BRDA:51,1,1,0
BRDA:51,2,0,2
BRDA:51,2,1,0
BRDA:52,3,0,2
BRDA:52,3,1,2
BRDA:55,4,0,2
BRDA:55,4,1,0
BRF:10
BRH:6
end_of_record
TN:
SF:src/features/news-detail/screens/NewsDetailScreen/NewsDetailScreenPresentational.tsx
FN:7,(anonymous_0)
FNF:1
FNH:0
FNDA:0,(anonymous_0)
DA:7,0
DA:18,0
LF:2
LH:0
BRDA:59,0,0,0
BRDA:59,0,1,0
BRDA:60,1,0,0
BRDA:60,1,1,0
BRDA:76,2,0,0
BRDA:76,2,1,0
BRF:6
BRH:0
end_of_record
TN:
SF:src/features/news-detail/screens/NewsDetailScreen/types.ts
FNF:0
FNH:0
LF:0
LH:0
BRF:0
BRH:0
end_of_record
TN:
SF:src/features/settings/components/I18nDemo/I18nDemoContainer.tsx
FN:5,(anonymous_0)
FN:10,(anonymous_1)
FN:15,(anonymous_2)
FNF:3
FNH:3
FNDA:2,(anonymous_0)
FNDA:2,(anonymous_1)
FNDA:2,(anonymous_2)
DA:5,1
DA:6,2
DA:7,2
DA:10,2
DA:11,2
DA:15,2
DA:16,2
DA:40,2
LF:8
LH:8
BRDA:11,0,0,0
BRDA:11,0,1,2
BRF:2
BRH:1
end_of_record
TN:
SF:src/features/settings/components/I18nDemo/I18nDemoPresentational.tsx
FN:7,(anonymous_0)
FN:59,(anonymous_1)
FNF:2
FNH:2
FNDA:3,(anonymous_0)
FNDA:6,(anonymous_1)
DA:7,1
DA:15,3
DA:60,6
DA:70,1
LF:4
LH:4
BRF:0
BRH:0
end_of_record
TN:
SF:src/features/settings/components/I18nDemo/types.ts
FNF:0
FNH:0
LF:0
LH:0
BRF:0
BRH:0
end_of_record
TN:
SF:src/features/settings/components/LanguageSwitcher/LanguageSwitcherContainer.tsx
FN:16,(anonymous_0)
FN:20,(anonymous_1)
FN:28,(anonymous_2)
FN:46,(anonymous_3)
FN:59,(anonymous_4)
FNF:5
FNH:5
FNDA:1,(anonymous_0)
FNDA:2,(anonymous_1)
FNDA:2,(anonymous_2)
FNDA:1,(anonymous_3)
FNDA:1,(anonymous_4)
DA:16,1
DA:17,1
DA:20,1
DA:25,2
DA:26,2
DA:28,2
DA:29,2
DA:30,1
DA:32,1
DA:36,2
DA:46,1
DA:47,1
DA:49,1
DA:59,1
DA:60,1
DA:61,1
DA:63,1
DA:67,1
DA:68,1
DA:69,1
LF:20
LH:20
BRDA:29,0,0,1
BRDA:29,0,1,1
BRF:2
BRH:2
end_of_record
TN:
SF:src/features/settings/components/LanguageSwitcher/LanguageSwitcherPresentational.tsx
FN:11,(anonymous_0)
FN:19,(anonymous_1)
FN:35,(anonymous_2)
FN:51,(anonymous_3)
FNF:4
FNH:0
FNDA:0,(anonymous_0)
FNDA:0,(anonymous_1)
FNDA:0,(anonymous_2)
FNDA:0,(anonymous_3)
DA:11,0
DA:12,0
DA:19,0
DA:24,0
DA:35,0
DA:40,0
DA:51,0
DA:52,0
DA:55,0
DA:56,0
DA:57,0
DA:58,0
LF:12
LH:0
BRDA:27,0,0,0
BRDA:27,0,1,0
BRDA:46,1,0,0
BRDA:46,1,1,0
BRF:4
BRH:0
end_of_record
TN:
SF:src/features/settings/components/LanguageSwitcher/types.ts
FNF:0
FNH:0
LF:0
LH:0
BRF:0
BRH:0
end_of_record
TN:
SF:src/features/settings/screens/SettingsScreen/SettingsScreenContainer.tsx
FN:10,(anonymous_0)
FN:13,(anonymous_1)
FN:16,(anonymous_2)
FN:19,(anonymous_3)
FNF:4
FNH:1
FNDA:4,(anonymous_0)
FNDA:0,(anonymous_1)
FNDA:0,(anonymous_2)
FNDA:0,(anonymous_3)
DA:10,1
DA:11,4
DA:12,4
DA:13,4
DA:14,4
DA:16,4
DA:18,0
DA:19,0
DA:20,0
DA:21,0
DA:26,4
DA:27,4
DA:30,4
DA:35,4
LF:14
LH:10
BRDA:26,0,0,3
BRDA:26,0,1,1
BRDA:26,1,0,3
BRDA:26,1,1,0
BRDA:32,2,0,0
BRDA:32,2,1,4
BRF:6
BRH:4
end_of_record
TN:
SF:src/features/settings/screens/SettingsScreen/SettingsScreenPresentational.tsx
FN:8,(anonymous_0)
FNF:1
FNH:1
FNDA:3,(anonymous_0)
DA:8,1
DA:14,3
LF:2
LH:2
BRDA:33,0,0,0
BRDA:33,0,1,3
BRF:2
BRH:1
end_of_record
TN:
SF:src/features/settings/screens/SettingsScreen/types.ts
FNF:0
FNH:0
LF:0
LH:0
BRF:0
BRH:0
end_of_record
TN:
SF:src/features/users/components/UserItem/UserItemContainer.tsx
FN:5,(anonymous_0)
FN:7,(anonymous_1)
FN:12,(anonymous_2)
FNF:3
FNH:0
FNDA:0,(anonymous_0)
FNDA:0,(anonymous_1)
FNDA:0,(anonymous_2)
DA:5,0
DA:7,0
DA:8,0
DA:12,0
DA:13,0
DA:16,0
LF:6
LH:0
BRF:0
BRH:0
end_of_record
TN:
SF:src/features/users/components/UserItem/UserItemPresentational.tsx
FN:6,(anonymous_0)
FNF:1
FNH:0
FNDA:0,(anonymous_0)
DA:6,0
DA:7,0
DA:64,0
LF:3
LH:0
BRF:0
BRH:0
end_of_record
TN:
SF:src/features/users/components/UserItem/types.ts
FNF:0
FNH:0
LF:0
LH:0
BRF:0
BRH:0
end_of_record
TN:
SF:src/features/users/screens/UsersScreen/UsersScreenContainer.tsx
FN:12,(anonymous_0)
FN:30,(anonymous_1)
FN:39,(anonymous_2)
FN:47,(anonymous_3)
FN:54,(anonymous_4)
FN:57,(anonymous_5)
FN:70,(anonymous_6)
FNF:7
FNH:0
FNDA:0,(anonymous_0)
FNDA:0,(anonymous_1)
FNDA:0,(anonymous_2)
FNDA:0,(anonymous_3)
FNDA:0,(anonymous_4)
FNDA:0,(anonymous_5)
FNDA:0,(anonymous_6)
DA:12,0
DA:13,0
DA:14,0
DA:21,0
DA:24,0
DA:25,0
DA:28,0
DA:30,0
DA:39,0
DA:40,0
DA:47,0
DA:54,0
DA:57,0
DA:58,0
DA:70,0
DA:71,0
DA:72,0
DA:82,0
DA:83,0
DA:96,0
DA:108,0
LF:21
LH:0
BRDA:24,0,0,0
BRDA:24,0,1,0
BRDA:24,1,0,0
BRDA:24,1,1,0
BRDA:71,2,0,0
BRDA:71,2,1,0
BRDA:82,3,0,0
BRDA:82,3,1,0
BRF:8
BRH:0
end_of_record
TN:
SF:src/features/users/screens/UsersScreen/UsersScreenPresentational.tsx
FN:6,(anonymous_0)
FNF:1
FNH:0
FNDA:0,(anonymous_0)
DA:6,0
DA:18,0
LF:2
LH:0
BRF:0
BRH:0
end_of_record
TN:
SF:src/features/users/screens/UsersScreen/types.ts
FNF:0
FNH:0
LF:0
LH:0
BRF:0
BRH:0
end_of_record
TN:
SF:src/hooks/useUsers.ts
FN:13,(anonymous_0)
FN:25,(anonymous_1)
FN:29,(anonymous_2)
FN:39,(anonymous_3)
FNF:4
FNH:0
FNDA:0,(anonymous_0)
FNDA:0,(anonymous_1)
FNDA:0,(anonymous_2)
FNDA:0,(anonymous_3)
DA:13,0
DA:14,0
DA:21,0
DA:23,0
DA:25,0
DA:26,0
DA:29,0
DA:30,0
DA:31,0
DA:32,0
DA:34,0
DA:39,0
DA:43,0
LF:13
LH:0
BRDA:17,0,0,0
BRF:1
BRH:0
end_of_record
TN:
SF:src/i18n/hooks.ts
FN:10,(anonymous_0)
FN:13,(anonymous_1)
FN:17,(anonymous_2)
FN:21,(anonymous_3)
FN:34,(anonymous_4)
FN:37,(anonymous_5)
FN:38,(anonymous_6)
FN:40,(anonymous_7)
FN:55,(anonymous_8)
FN:61,(anonymous_9)
FN:68,(anonymous_10)
FN:82,(anonymous_11)
FN:83,(anonymous_12)
FN:85,(anonymous_13)
FN:103,(anonymous_14)
FN:108,(anonymous_15)
FN:112,(anonymous_16)
FNF:17
FNH:0
FNDA:0,(anonymous_0)
FNDA:0,(anonymous_1)
FNDA:0,(anonymous_2)
FNDA:0,(anonymous_3)
FNDA:0,(anonymous_4)
FNDA:0,(anonymous_5)
FNDA:0,(anonymous_6)
FNDA:0,(anonymous_7)
FNDA:0,(anonymous_8)
FNDA:0,(anonymous_9)
FNDA:0,(anonymous_10)
FNDA:0,(anonymous_11)
FNDA:0,(anonymous_12)
FNDA:0,(anonymous_13)
FNDA:0,(anonymous_14)
FNDA:0,(anonymous_15)
FNDA:0,(anonymous_16)
DA:10,0
DA:11,0
DA:13,0
DA:14,0
DA:17,0
DA:18,0
DA:21,0
DA:22,0
DA:25,0
DA:34,0
DA:35,0
DA:37,0
DA:38,0
DA:40,0
DA:41,0
DA:42,0
DA:43,0
DA:46,0
DA:55,0
DA:56,0
DA:57,0
DA:58,0
DA:61,0
DA:62,0
DA:63,0
DA:64,0
DA:68,0
DA:70,0
DA:72,0
DA:75,0
DA:78,0
DA:82,0
DA:83,0
DA:85,0
DA:86,0
DA:87,0
DA:90,0
DA:103,0
DA:104,0
DA:108,0
DA:109,0
DA:110,0
DA:112,0
DA:114,0
DA:115,0
DA:116,0
DA:117,0
DA:118,0
DA:119,0
DA:121,0
LF:50
LH:0
BRDA:42,0,0,0
BRDA:42,0,1,0
BRDA:63,1,0,0
BRDA:63,1,1,0
BRDA:63,2,0,0
BRDA:63,2,1,0
BRDA:70,3,0,0
BRDA:70,3,1,0
BRDA:86,4,0,0
BRDA:86,4,1,0
BRDA:114,5,0,0
BRDA:114,5,1,0
BRDA:114,6,0,0
BRDA:114,6,1,0
BRDA:116,7,0,0
BRDA:116,7,1,0
BRDA:119,8,0,0
BRDA:119,8,1,0
BRF:18
BRH:0
end_of_record
TN:
SF:src/i18n/types.ts
FNF:0
FNH:0
LF:0
LH:0
BRF:0
BRH:0
end_of_record
TN:
SF:src/navigation/AppNavigator.tsx
FN:16,(anonymous_0)
FN:18,(anonymous_1)
FN:22,(anonymous_2)
FN:23,(anonymous_3)
FN:27,(anonymous_4)
FN:35,(anonymous_5)
FN:47,(anonymous_6)
FNF:7
FNH:0
FNDA:0,(anonymous_0)
FNDA:0,(anonymous_1)
FNDA:0,(anonymous_2)
FNDA:0,(anonymous_3)
FNDA:0,(anonymous_4)
FNDA:0,(anonymous_5)
FNDA:0,(anonymous_6)
DA:14,0
DA:16,0
DA:18,0
DA:19,0
DA:22,0
DA:23,0
DA:25,0
DA:27,0
DA:29,0
DA:31,0
DA:35,0
DA:36,0
DA:40,0
DA:44,0
DA:47,0
DA:48,0
DA:50,0
DA:51,0
DA:55,0
DA:57,0
DA:60,0
LF:21
LH:0
BRDA:48,0,0,0
BRDA:48,0,1,0
BRDA:55,1,0,0
BRDA:55,1,1,0
BRDA:99,2,0,0
BRDA:99,2,1,0
BRF:6
BRH:0
end_of_record
TN:
SF:src/navigation/AuthNavigator.tsx
FN:8,(anonymous_0)
FNF:1
FNH:0
FNDA:0,(anonymous_0)
DA:6,0
DA:8,0
DA:9,0
LF:3
LH:0
BRF:0
BRH:0
end_of_record
TN:
SF:src/navigation/HomeStackNavigator.tsx
FN:10,(anonymous_0)
FN:28,(anonymous_1)
FN:63,(anonymous_2)
FNF:3
FNH:0
FNDA:0,(anonymous_0)
FNDA:0,(anonymous_1)
FNDA:0,(anonymous_2)
DA:8,0
DA:10,0
DA:11,0
DA:29,0
DA:64,0
LF:5
LH:0
BRF:0
BRH:0
end_of_record
TN:
SF:src/navigation/MainTabNavigator.tsx
FN:15,(anonymous_0)
FN:26,(anonymous_1)
FN:38,(anonymous_2)
FN:65,(anonymous_3)
FN:75,(anonymous_4)
FN:83,(anonymous_5)
FN:91,(anonymous_6)
FNF:7
FNH:0
FNDA:0,(anonymous_0)
FNDA:0,(anonymous_1)
FNDA:0,(anonymous_2)
FNDA:0,(anonymous_3)
FNDA:0,(anonymous_4)
FNDA:0,(anonymous_5)
FNDA:0,(anonymous_6)
DA:13,0
DA:15,0
DA:16,0
DA:17,0
DA:20,0
DA:23,0
DA:26,0
DA:27,0
DA:30,0
DA:31,0
DA:35,0
DA:38,0
DA:39,0
DA:42,0
DA:43,0
DA:47,0
DA:50,0
DA:66,0
DA:75,0
DA:83,0
DA:91,0
DA:99,0
LF:22
LH:0
BRDA:23,0,0,0
BRDA:23,0,1,0
BRDA:27,1,0,0
BRDA:27,1,1,0
BRDA:30,2,0,0
BRDA:30,2,1,0
BRDA:39,3,0,0
BRDA:39,3,1,0
BRDA:42,4,0,0
BRDA:42,4,1,0
BRF:10
BRH:0
end_of_record
TN:
SF:src/navigation/types.ts
FNF:0
FNH:0
LF:0
LH:0
BRF:0
BRH:0
end_of_record
TN:
SF:src/store/store.ts
FN:14,(anonymous_0)
FNF:1
FNH:0
FNDA:0,(anonymous_0)
DA:7,0
DA:15,0
LF:2
LH:0
BRF:0
BRH:0
end_of_record
TN:
SF:src/store/api/baseApi.ts
FN:7,(anonymous_0)
FN:13,(anonymous_1)
FNF:2
FNH:2
FNDA:5,(anonymous_0)
FNDA:1,(anonymous_1)
DA:3,1
DA:8,5
DA:9,5
DA:13,1
LF:4
LH:4
BRF:0
BRH:0
end_of_record
TN:
SF:src/store/api/postsApi.ts
FN:18,(anonymous_0)
FN:20,(anonymous_1)
FN:24,(anonymous_2)
FN:25,(anonymous_3)
FNF:4
FNH:3
FNDA:1,(anonymous_0)
FNDA:4,(anonymous_1)
FNDA:1,(anonymous_2)
FNDA:0,(anonymous_3)
DA:17,1
DA:18,1
DA:20,4
DA:24,1
DA:25,0
DA:31,1
LF:6
LH:5
BRF:0
BRH:0
end_of_record
TN:
SF:src/store/api/usersApi.ts
FN:5,(anonymous_0)
FN:7,(anonymous_1)
FN:11,(anonymous_2)
FN:12,(anonymous_3)
FNF:4
FNH:0
FNDA:0,(anonymous_0)
FNDA:0,(anonymous_1)
FNDA:0,(anonymous_2)
FNDA:0,(anonymous_3)
DA:4,0
DA:5,0
DA:7,0
DA:11,0
DA:12,0
DA:18,0
LF:6
LH:0
BRF:0
BRH:0
end_of_record
TN:
SF:src/store/selectors/authSelectors.ts
FN:5,(anonymous_0)
FN:9,(anonymous_1)
FN:14,(anonymous_2)
FN:19,(anonymous_3)
FN:24,(anonymous_4)
FNF:5
FNH:0
FNDA:0,(anonymous_0)
FNDA:0,(anonymous_1)
FNDA:0,(anonymous_2)
FNDA:0,(anonymous_3)
FNDA:0,(anonymous_4)
DA:5,0
DA:7,0
DA:9,0
DA:12,0
DA:14,0
DA:17,0
DA:19,0
DA:22,0
DA:24,0
LF:9
LH:0
BRF:0
BRH:0
end_of_record
TN:
SF:src/store/selectors/postsSelectors.ts
FN:6,(anonymous_0)
FN:7,(anonymous_1)
FN:8,(anonymous_2)
FN:9,(anonymous_3)
FN:10,(anonymous_4)
FN:11,(anonymous_5)
FN:16,(anonymous_6)
FN:22,(anonymous_7)
FN:27,(anonymous_8)
FN:28,(anonymous_9)
FN:35,(anonymous_10)
FN:40,(anonymous_11)
FN:45,(anonymous_12)
FNF:13
FNH:0
FNDA:0,(anonymous_0)
FNDA:0,(anonymous_1)
FNDA:0,(anonymous_2)
FNDA:0,(anonymous_3)
FNDA:0,(anonymous_4)
FNDA:0,(anonymous_5)
FNDA:0,(anonymous_6)
FNDA:0,(anonymous_7)
FNDA:0,(anonymous_8)
FNDA:0,(anonymous_9)
FNDA:0,(anonymous_10)
FNDA:0,(anonymous_11)
FNDA:0,(anonymous_12)
DA:6,2
DA:7,2
DA:8,2
DA:9,2
DA:10,2
DA:11,2
DA:14,2
DA:18,0
DA:19,0
DA:22,0
DA:26,2
DA:27,0
DA:29,0
DA:33,2
DA:35,0
DA:38,2
DA:40,0
DA:43,2
DA:46,0
LF:19
LH:11
BRDA:18,0,0,0
BRDA:18,0,1,0
BRDA:18,1,0,0
BRDA:18,1,1,0
BRDA:18,1,2,0
BRDA:18,1,3,0
BRDA:46,2,0,0
BRDA:46,2,1,0
BRF:8
BRH:0
end_of_record
TN:
SF:src/store/selectors/usersSelectors.ts
FN:6,(anonymous_0)
FN:10,(anonymous_1)
FN:15,(anonymous_2)
FN:20,(anonymous_3)
FN:25,(anonymous_4)
FN:30,(anonymous_5)
FN:35,(anonymous_6)
FN:40,(anonymous_7)
FN:46,(anonymous_8)
FN:51,(anonymous_9)
FN:57,(anonymous_10)
FN:65,(anonymous_11)
FNF:12
FNH:0
FNDA:0,(anonymous_0)
FNDA:0,(anonymous_1)
FNDA:0,(anonymous_2)
FNDA:0,(anonymous_3)
FNDA:0,(anonymous_4)
FNDA:0,(anonymous_5)
FNDA:0,(anonymous_6)
FNDA:0,(anonymous_7)
FNDA:0,(anonymous_8)
FNDA:0,(anonymous_9)
FNDA:0,(anonymous_10)
FNDA:0,(anonymous_11)
DA:6,0
DA:8,0
DA:10,0
DA:13,0
DA:15,0
DA:18,0
DA:20,0
DA:23,0
DA:25,0
DA:28,0
DA:30,0
DA:33,0
DA:35,0
DA:38,0
DA:40,0
DA:44,0
DA:46,0
DA:52,0
DA:55,0
DA:56,0
DA:57,0
DA:58,0
DA:65,0
DA:69,0
DA:71,0
DA:72,0
DA:73,0
DA:75,0
DA:76,0
DA:77,0
DA:79,0
DA:80,0
DA:81,0
DA:83,0
DA:86,0
DA:87,0
DA:90,0
LF:37
LH:0
BRDA:55,0,0,0
BRDA:55,0,1,0
BRDA:58,1,0,0
BRDA:58,1,1,0
BRDA:58,1,2,0
BRDA:69,2,0,0
BRDA:69,2,1,0
BRDA:69,2,2,0
BRDA:69,2,3,0
BRDA:87,3,0,0
BRDA:87,3,1,0
BRF:11
BRH:0
end_of_record
TN:
SF:src/store/slices/authSlice.ts
FN:23,(anonymous_0)
FN:26,(anonymous_1)
FN:29,(anonymous_2)
FN:36,(anonymous_3)
FN:36,(anonymous_4)
FN:55,(anonymous_5)
FN:55,(anonymous_6)
FN:64,(anonymous_7)
FN:64,(anonymous_8)
FNF:9
FNH:9
FNDA:9,(anonymous_0)
FNDA:10,(anonymous_1)
FNDA:9,(anonymous_2)
FNDA:5,(anonymous_3)
FNDA:5,(anonymous_4)
FNDA:3,(anonymous_5)
FNDA:3,(anonymous_6)
FNDA:3,(anonymous_7)
FNDA:3,(anonymous_8)
DA:11,2
DA:13,2
DA:19,2
DA:24,9
DA:27,10
DA:30,9
DA:36,5
DA:37,5
DA:38,5
DA:39,4
DA:41,2
DA:44,2
DA:45,2
DA:46,1
DA:55,3
DA:56,3
DA:57,3
DA:64,3
DA:65,3
DA:66,3
DA:67,3
DA:73,2
LF:22
LH:22
BRDA:39,0,0,2
BRDA:39,0,1,2
BRDA:39,1,0,4
BRDA:39,1,1,3
BRDA:39,1,2,2
BRDA:45,2,0,1
BRDA:45,2,1,1
BRF:7
BRH:7
end_of_record
TN:
SF:src/store/slices/postsSlice.ts
FN:27,(anonymous_0)
FN:32,(anonymous_1)
FN:37,(anonymous_2)
FN:41,(anonymous_3)
FN:46,(anonymous_4)
FN:52,(anonymous_5)
FN:56,(anonymous_6)
FN:63,(anonymous_7)
FN:69,(anonymous_8)
FN:75,(anonymous_9)
FN:75,(anonymous_10)
FN:100,(anonymous_11)
FN:100,(anonymous_12)
FN:108,(anonymous_13)
FN:108,(anonymous_14)
FNF:15
FNH:15
FNDA:13,(anonymous_0)
FNDA:13,(anonymous_1)
FNDA:11,(anonymous_2)
FNDA:11,(anonymous_3)
FNDA:6,(anonymous_4)
FNDA:14,(anonymous_5)
FNDA:1,(anonymous_6)
FNDA:26,(anonymous_7)
FNDA:31,(anonymous_8)
FNDA:7,(anonymous_9)
FNDA:6,(anonymous_10)
FNDA:5,(anonymous_11)
FNDA:5,(anonymous_12)
FNDA:5,(anonymous_13)
FNDA:3,(anonymous_14)
DA:13,2
DA:21,2
DA:23,2
DA:28,13
DA:29,13
DA:33,13
DA:34,13
DA:38,11
DA:42,11
DA:43,11
DA:45,11
DA:46,6
DA:48,8
DA:53,14
DA:57,1
DA:58,1
DA:63,2
DA:64,26
DA:65,14
DA:68,12
DA:69,12
DA:70,31
DA:75,7
DA:76,6
DA:77,6
DA:80,6
DA:81,1
DA:85,5
DA:86,1
DA:89,4
DA:90,4
DA:91,3
DA:92,3
DA:94,1
DA:96,6
DA:100,5
DA:101,5
DA:102,5
DA:108,5
DA:109,3
DA:110,3
DA:111,3
DA:121,2
LF:43
LH:43
BRDA:45,0,0,3
BRDA:45,0,1,8
BRDA:64,1,0,14
BRDA:64,1,1,12
BRDA:70,2,0,31
BRDA:70,2,1,22
BRDA:80,3,0,1
BRDA:80,3,1,5
BRDA:85,4,0,1
BRDA:85,4,1,4
BRDA:91,5,0,2
BRDA:91,5,1,1
BRF:12
BRH:12
end_of_record
TN:
SF:src/store/slices/usersSlice.ts
FN:32,(anonymous_0)
FN:35,(anonymous_1)
FN:38,(anonymous_2)
FN:41,(anonymous_3)
FN:44,(anonymous_4)
FN:47,(anonymous_5)
FNF:6
FNH:6
FNDA:12,(anonymous_0)
FNDA:15,(anonymous_1)
FNDA:16,(anonymous_2)
FNDA:10,(anonymous_3)
FNDA:10,(anonymous_4)
FNDA:4,(anonymous_5)
DA:16,1
DA:28,1
DA:33,12
DA:36,15
DA:39,16
DA:42,10
DA:45,10
DA:48,4
DA:60,1
LF:9
LH:9
BRF:0
BRH:0
end_of_record
TN:
SF:src/utils/dataTransformers.ts
FN:4,(anonymous_0)
FN:16,(anonymous_1)
FNF:2
FNH:2
FNDA:6,(anonymous_0)
FNDA:2,(anonymous_1)
DA:4,1
DA:5,6
DA:16,1
DA:17,2
LF:4
LH:4
BRDA:9,0,0,6
BRDA:9,0,1,2
BRDA:9,0,2,1
BRDA:12,1,0,6
BRDA:12,1,1,1
BRF:5
BRH:5
end_of_record
